This file contains any messages produced by compilers while
running configure, to aid debugging if configure makes a mistake.

It was created by PostgreSQL configure 16.1, which was
generated by GNU Autoconf 2.69.  Invocation command line was

  $ ./configure --prefix=/home/shf/pg/postgresql-16.1/release/bin --with-zlib --enable-debug --without-icu CCFLAG=-g -O0 CC=gcc --no-create --no-recursion

## --------- ##
## Platform. ##
## --------- ##

hostname = DESKTOP-GFH73OB
uname -m = x86_64
uname -r = 6.6.87.2-microsoft-standard-WSL2
uname -s = Linux
uname -v = #1 SMP PREEMPT_DYNAMIC Thu Jun  5 18:30:46 UTC 2025

/usr/bin/uname -p = x86_64
/bin/uname -X     = unknown

/bin/arch              = x86_64
/usr/bin/arch -k       = unknown
/usr/convex/getsysinfo = unknown
/usr/bin/hostinfo      = unknown
/bin/machine           = unknown
/usr/bin/oslevel       = unknown
/bin/universe          = unknown

PATH: /home/shf/.vscode-server/bin/7d842fb85a0275a4a8e4d7e040d2625abbf7f084/bin/remote-cli
PATH: /usr/local/sbin
PATH: /usr/local/bin
PATH: /usr/sbin
PATH: /usr/bin
PATH: /sbin
PATH: /bin
PATH: /usr/games
PATH: /usr/local/games
PATH: /usr/lib/wsl/lib
PATH: /mnt/c/Users/GBJ-0858/AppData/Local/Programs/cursor/resources/app/bin
PATH: /mnt/c/Windows/system32
PATH: /mnt/c/Windows
PATH: /mnt/c/Windows/System32/Wbem
PATH: /mnt/c/Windows/System32/WindowsPowerShell/v1.0/
PATH: /mnt/c/Windows/System32/OpenSSH/
PATH: /mnt/c/Users/GBJ-0858/AppData/Local/Microsoft/WindowsApps
PATH: /mnt/c/Users/GBJ-0858/AppData/Local/Programs/cursor/resources/app/bin
PATH: /mnt/c/Users/GBJ-0858/AppData/Local/Microsoft/WindowsApps
PATH: /mnt/c/Users/GBJ-0858/AppData/Local/Programs/Microsoft VS Code/bin
PATH: /mnt/c/Users/GBJ-0858/AppData/Local/Programs/cursor/resources/app/bin
PATH: /snap/bin


## ----------- ##
## Core tests. ##
## ----------- ##

configure:2885: checking build system type
configure:2899: result: x86_64-pc-linux-gnu
configure:2919: checking host system type
configure:2932: result: x86_64-pc-linux-gnu
configure:2954: checking which template to use
configure:3021: result: linux
configure:3149: checking whether NLS is wanted
configure:3181: result: no
configure:3189: checking for default port number
configure:3214: result: 5432
configure:3691: checking for block size
configure:3725: result: 8kB
configure:3792: checking for segment size
configure:3799: result: 1GB
configure:3816: checking for WAL block size
configure:3851: result: 8kB
configure:4006: checking for C compiler version
configure:4015: gcc --version >&5
gcc (Ubuntu 13.3.0-6ubuntu2~24.04) 13.3.0
Copyright (C) 2023 Free Software Foundation, Inc.
This is free software; see the source for copying conditions.  There is NO
warranty; not even for MERCHANTABILITY or FITNESS FOR A PARTICULAR PURPOSE.

configure:4026: $? = 0
configure:4015: gcc -v >&5
Using built-in specs.
COLLECT_GCC=gcc
COLLECT_LTO_WRAPPER=/usr/libexec/gcc/x86_64-linux-gnu/13/lto-wrapper
OFFLOAD_TARGET_NAMES=nvptx-none:amdgcn-amdhsa
OFFLOAD_TARGET_DEFAULT=1
Target: x86_64-linux-gnu
Configured with: ../src/configure -v --with-pkgversion='Ubuntu 13.3.0-6ubuntu2~24.04' --with-bugurl=file:///usr/share/doc/gcc-13/README.Bugs --enable-languages=c,ada,c++,go,d,fortran,objc,obj-c++,m2 --prefix=/usr --with-gcc-major-version-only --program-suffix=-13 --program-prefix=x86_64-linux-gnu- --enable-shared --enable-linker-build-id --libexecdir=/usr/libexec --without-included-gettext --enable-threads=posix --libdir=/usr/lib --enable-nls --enable-bootstrap --enable-clocale=gnu --enable-libstdcxx-debug --enable-libstdcxx-time=yes --with-default-libstdcxx-abi=new --enable-libstdcxx-backtrace --enable-gnu-unique-object --disable-vtable-verify --enable-plugin --enable-default-pie --with-system-zlib --enable-libphobos-checking=release --with-target-system-zlib=auto --enable-objc-gc=auto --enable-multiarch --disable-werror --enable-cet --with-arch-32=i686 --with-abi=m64 --with-multilib-list=m32,m64,mx32 --enable-multilib --with-tune=generic --enable-offload-targets=nvptx-none=/build/gcc-13-fG75Ri/gcc-13-13.3.0/debian/tmp-nvptx/usr,amdgcn-amdhsa=/build/gcc-13-fG75Ri/gcc-13-13.3.0/debian/tmp-gcn/usr --enable-offload-defaulted --without-cuda-driver --enable-checking=release --build=x86_64-linux-gnu --host=x86_64-linux-gnu --target=x86_64-linux-gnu --with-build-config=bootstrap-lto-lean --enable-link-serialization=2
Thread model: posix
Supported LTO compression algorithms: zlib zstd
gcc version 13.3.0 (Ubuntu 13.3.0-6ubuntu2~24.04) 
... rest of stderr output deleted ...
configure:4026: $? = 0
configure:4015: gcc -V >&5
gcc: error: unrecognized command-line option '-V'
gcc: fatal error: no input files
compilation terminated.
configure:4026: $? = 1
configure:4015: gcc -qversion >&5
gcc: error: unrecognized command-line option '-qversion'; did you mean '--version'?
gcc: fatal error: no input files
compilation terminated.
configure:4026: $? = 1
configure:4046: checking whether the C compiler works
configure:4068: gcc    conftest.c  >&5
configure:4072: $? = 0
configure:4120: result: yes
configure:4123: checking for C compiler default output file name
configure:4125: result: a.out
configure:4131: checking for suffix of executables
configure:4138: gcc -o conftest    conftest.c  >&5
configure:4142: $? = 0
configure:4164: result: 
configure:4186: checking whether we are cross compiling
configure:4194: gcc -o conftest    conftest.c  >&5
configure:4198: $? = 0
configure:4205: ./conftest
configure:4209: $? = 0
configure:4224: result: no
configure:4229: checking for suffix of object files
configure:4251: gcc -c   conftest.c >&5
configure:4255: $? = 0
configure:4276: result: o
configure:4280: checking whether we are using the GNU C compiler
configure:4299: gcc -c   conftest.c >&5
configure:4299: $? = 0
configure:4308: result: yes
configure:4317: checking whether gcc accepts -g
configure:4337: gcc -c -g  conftest.c >&5
configure:4337: $? = 0
configure:4378: result: yes
configure:4395: checking for gcc option to accept ISO C89
configure:4458: gcc  -c -g -O2  conftest.c >&5
configure:4458: $? = 0
configure:4471: result: none needed
configure:4491: checking for gcc option to accept ISO C99
configure:4640: gcc  -c -g -O2  conftest.c >&5
configure:4640: $? = 0
configure:4653: result: none needed
configure:4733: checking for g++
configure:4749: found /usr/bin/g++
configure:4760: result: g++
configure:4787: checking for C++ compiler version
configure:4796: g++ --version >&5
g++ (Ubuntu 13.3.0-6ubuntu2~24.04) 13.3.0
Copyright (C) 2023 Free Software Foundation, Inc.
This is free software; see the source for copying conditions.  There is NO
warranty; not even for MERCHANTABILITY or FITNESS FOR A PARTICULAR PURPOSE.

configure:4807: $? = 0
configure:4796: g++ -v >&5
Using built-in specs.
COLLECT_GCC=g++
COLLECT_LTO_WRAPPER=/usr/libexec/gcc/x86_64-linux-gnu/13/lto-wrapper
OFFLOAD_TARGET_NAMES=nvptx-none:amdgcn-amdhsa
OFFLOAD_TARGET_DEFAULT=1
Target: x86_64-linux-gnu
Configured with: ../src/configure -v --with-pkgversion='Ubuntu 13.3.0-6ubuntu2~24.04' --with-bugurl=file:///usr/share/doc/gcc-13/README.Bugs --enable-languages=c,ada,c++,go,d,fortran,objc,obj-c++,m2 --prefix=/usr --with-gcc-major-version-only --program-suffix=-13 --program-prefix=x86_64-linux-gnu- --enable-shared --enable-linker-build-id --libexecdir=/usr/libexec --without-included-gettext --enable-threads=posix --libdir=/usr/lib --enable-nls --enable-bootstrap --enable-clocale=gnu --enable-libstdcxx-debug --enable-libstdcxx-time=yes --with-default-libstdcxx-abi=new --enable-libstdcxx-backtrace --enable-gnu-unique-object --disable-vtable-verify --enable-plugin --enable-default-pie --with-system-zlib --enable-libphobos-checking=release --with-target-system-zlib=auto --enable-objc-gc=auto --enable-multiarch --disable-werror --enable-cet --with-arch-32=i686 --with-abi=m64 --with-multilib-list=m32,m64,mx32 --enable-multilib --with-tune=generic --enable-offload-targets=nvptx-none=/build/gcc-13-fG75Ri/gcc-13-13.3.0/debian/tmp-nvptx/usr,amdgcn-amdhsa=/build/gcc-13-fG75Ri/gcc-13-13.3.0/debian/tmp-gcn/usr --enable-offload-defaulted --without-cuda-driver --enable-checking=release --build=x86_64-linux-gnu --host=x86_64-linux-gnu --target=x86_64-linux-gnu --with-build-config=bootstrap-lto-lean --enable-link-serialization=2
Thread model: posix
Supported LTO compression algorithms: zlib zstd
gcc version 13.3.0 (Ubuntu 13.3.0-6ubuntu2~24.04) 
... rest of stderr output deleted ...
configure:4807: $? = 0
configure:4796: g++ -V >&5
g++: error: unrecognized command-line option '-V'
g++: fatal error: no input files
compilation terminated.
configure:4807: $? = 1
configure:4796: g++ -qversion >&5
g++: error: unrecognized command-line option '-qversion'; did you mean '--version'?
g++: fatal error: no input files
compilation terminated.
configure:4807: $? = 1
configure:4811: checking whether we are using the GNU C++ compiler
configure:4830: g++ -c   conftest.cpp >&5
configure:4830: $? = 0
configure:4839: result: yes
configure:4848: checking whether g++ accepts -g
configure:4868: g++ -c -g  conftest.cpp >&5
configure:4868: $? = 0
configure:4909: result: yes
configure:4950: gcc -c -g -O2  conftest.c >&5
conftest.c: In function 'main':
conftest.c:24:1: error: unknown type name 'choke'
   24 | choke me
      | ^~~~~
configure:4950: $? = 1
configure: failed program was:
| /* confdefs.h */
| #define PACKAGE_NAME "PostgreSQL"
| #define PACKAGE_TARNAME "postgresql"
| #define PACKAGE_VERSION "16.1"
| #define PACKAGE_STRING "PostgreSQL 16.1"
| #define PACKAGE_BUGREPORT "pgsql-bugs@lists.postgresql.org"
| #define PACKAGE_URL "https://www.postgresql.org/"
| #define CONFIGURE_ARGS " '--prefix=/home/shf/pg/postgresql-16.1/release/bin' '--with-zlib' '--enable-debug' '--without-icu' 'CCFLAG=-g -O0' 'CC=gcc'"
| #define PG_MAJORVERSION "16"
| #define PG_MAJORVERSION_NUM 16
| #define PG_MINORVERSION_NUM 1
| #define PG_VERSION "16.1"
| #define DEF_PGPORT 5432
| #define DEF_PGPORT_STR "5432"
| #define BLCKSZ 8192
| #define RELSEG_SIZE 131072
| #define XLOG_BLCKSZ 8192
| /* end confdefs.h.  */
| 
| int
| main ()
| {
| #ifndef __INTEL_COMPILER
| choke me
| #endif
|   ;
|   return 0;
| }
configure:4972: gcc -c -g -O2  conftest.c >&5
conftest.c: In function 'main':
conftest.c:24:1: error: unknown type name 'choke'
   24 | choke me
      | ^~~~~
configure:4972: $? = 1
configure: failed program was:
| /* confdefs.h */
| #define PACKAGE_NAME "PostgreSQL"
| #define PACKAGE_TARNAME "postgresql"
| #define PACKAGE_VERSION "16.1"
| #define PACKAGE_STRING "PostgreSQL 16.1"
| #define PACKAGE_BUGREPORT "pgsql-bugs@lists.postgresql.org"
| #define PACKAGE_URL "https://www.postgresql.org/"
| #define CONFIGURE_ARGS " '--prefix=/home/shf/pg/postgresql-16.1/release/bin' '--with-zlib' '--enable-debug' '--without-icu' 'CCFLAG=-g -O0' 'CC=gcc'"
| #define PG_MAJORVERSION "16"
| #define PG_MAJORVERSION_NUM 16
| #define PG_MINORVERSION_NUM 1
| #define PG_VERSION "16.1"
| #define DEF_PGPORT 5432
| #define DEF_PGPORT_STR "5432"
| #define BLCKSZ 8192
| #define RELSEG_SIZE 131072
| #define XLOG_BLCKSZ 8192
| /* end confdefs.h.  */
| 
| int
| main ()
| {
| #ifndef __SUNPRO_C
| choke me
| #endif
|   ;
|   return 0;
| }
configure:5017: checking for gawk
configure:5033: found /usr/bin/gawk
configure:5044: result: gawk
configure:5350: checking whether gcc supports -Wdeclaration-after-statement, for CFLAGS
configure:5372: gcc -c -Wall -Wmissing-prototypes -Wpointer-arith -Wdeclaration-after-statement  -D_GNU_SOURCE conftest.c >&5
configure:5372: $? = 0
configure:5382: result: yes
configure:5398: checking whether gcc supports -Werror=vla, for CFLAGS
configure:5420: gcc -c -Wall -Wmissing-prototypes -Wpointer-arith -Wdeclaration-after-statement -Werror=vla  -D_GNU_SOURCE conftest.c >&5
configure:5420: $? = 0
configure:5430: result: yes
configure:5439: checking whether gcc supports -Werror=unguarded-availability-new, for CFLAGS
configure:5461: gcc -c -Wall -Wmissing-prototypes -Wpointer-arith -Wdeclaration-after-statement -Werror=vla -Werror=unguarded-availability-new  -D_GNU_SOURCE conftest.c >&5
cc1: error: '-Werror=unguarded-availability-new': no option '-Wunguarded-availability-new'
configure:5461: $? = 1
configure: failed program was:
| /* confdefs.h */
| #define PACKAGE_NAME "PostgreSQL"
| #define PACKAGE_TARNAME "postgresql"
| #define PACKAGE_VERSION "16.1"
| #define PACKAGE_STRING "PostgreSQL 16.1"
| #define PACKAGE_BUGREPORT "pgsql-bugs@lists.postgresql.org"
| #define PACKAGE_URL "https://www.postgresql.org/"
| #define CONFIGURE_ARGS " '--prefix=/home/shf/pg/postgresql-16.1/release/bin' '--with-zlib' '--enable-debug' '--without-icu' 'CCFLAG=-g -O0' 'CC=gcc'"
| #define PG_MAJORVERSION "16"
| #define PG_MAJORVERSION_NUM 16
| #define PG_MINORVERSION_NUM 1
| #define PG_VERSION "16.1"
| #define DEF_PGPORT 5432
| #define DEF_PGPORT_STR "5432"
| #define BLCKSZ 8192
| #define RELSEG_SIZE 131072
| #define XLOG_BLCKSZ 8192
| /* end confdefs.h.  */
| 
| int
| main ()
| {
| 
|   ;
|   return 0;
| }
configure:5471: result: no
configure:5478: checking whether g++ supports -Werror=unguarded-availability-new, for CXXFLAGS
configure:5506: g++ -c -Wall -Wpointer-arith -Werror=unguarded-availability-new  -D_GNU_SOURCE conftest.cpp >&5
cc1plus: error: '-Werror=unguarded-availability-new': no option '-Wunguarded-availability-new'
configure:5506: $? = 1
configure: failed program was:
| /* confdefs.h */
| #define PACKAGE_NAME "PostgreSQL"
| #define PACKAGE_TARNAME "postgresql"
| #define PACKAGE_VERSION "16.1"
| #define PACKAGE_STRING "PostgreSQL 16.1"
| #define PACKAGE_BUGREPORT "pgsql-bugs@lists.postgresql.org"
| #define PACKAGE_URL "https://www.postgresql.org/"
| #define CONFIGURE_ARGS " '--prefix=/home/shf/pg/postgresql-16.1/release/bin' '--with-zlib' '--enable-debug' '--without-icu' 'CCFLAG=-g -O0' 'CC=gcc'"
| #define PG_MAJORVERSION "16"
| #define PG_MAJORVERSION_NUM 16
| #define PG_MINORVERSION_NUM 1
| #define PG_VERSION "16.1"
| #define DEF_PGPORT 5432
| #define DEF_PGPORT_STR "5432"
| #define BLCKSZ 8192
| #define RELSEG_SIZE 131072
| #define XLOG_BLCKSZ 8192
| /* end confdefs.h.  */
| 
| int
| main ()
| {
| 
|   ;
|   return 0;
| }
configure:5522: result: no
configure:5531: checking whether gcc supports -Wendif-labels, for CFLAGS
configure:5553: gcc -c -Wall -Wmissing-prototypes -Wpointer-arith -Wdeclaration-after-statement -Werror=vla -Wendif-labels  -D_GNU_SOURCE conftest.c >&5
configure:5553: $? = 0
configure:5563: result: yes
configure:5570: checking whether g++ supports -Wendif-labels, for CXXFLAGS
configure:5598: g++ -c -Wall -Wpointer-arith -Wendif-labels  -D_GNU_SOURCE conftest.cpp >&5
configure:5598: $? = 0
configure:5614: result: yes
configure:5622: checking whether gcc supports -Wmissing-format-attribute, for CFLAGS
configure:5644: gcc -c -Wall -Wmissing-prototypes -Wpointer-arith -Wdeclaration-after-statement -Werror=vla -Wendif-labels -Wmissing-format-attribute  -D_GNU_SOURCE conftest.c >&5
configure:5644: $? = 0
configure:5654: result: yes
configure:5661: checking whether g++ supports -Wmissing-format-attribute, for CXXFLAGS
configure:5689: g++ -c -Wall -Wpointer-arith -Wendif-labels -Wmissing-format-attribute  -D_GNU_SOURCE conftest.cpp >&5
configure:5689: $? = 0
configure:5705: result: yes
configure:5713: checking whether gcc supports -Wimplicit-fallthrough=3, for CFLAGS
configure:5735: gcc -c -Wall -Wmissing-prototypes -Wpointer-arith -Wdeclaration-after-statement -Werror=vla -Wendif-labels -Wmissing-format-attribute -Wimplicit-fallthrough=3  -D_GNU_SOURCE conftest.c >&5
configure:5735: $? = 0
configure:5745: result: yes
configure:5752: checking whether g++ supports -Wimplicit-fallthrough=3, for CXXFLAGS
configure:5780: g++ -c -Wall -Wpointer-arith -Wendif-labels -Wmissing-format-attribute -Wimplicit-fallthrough=3  -D_GNU_SOURCE conftest.cpp >&5
configure:5780: $? = 0
configure:5796: result: yes
configure:5804: checking whether gcc supports -Wcast-function-type, for CFLAGS
configure:5826: gcc -c -Wall -Wmissing-prototypes -Wpointer-arith -Wdeclaration-after-statement -Werror=vla -Wendif-labels -Wmissing-format-attribute -Wimplicit-fallthrough=3 -Wcast-function-type  -D_GNU_SOURCE conftest.c >&5
configure:5826: $? = 0
configure:5836: result: yes
configure:5843: checking whether g++ supports -Wcast-function-type, for CXXFLAGS
configure:5871: g++ -c -Wall -Wpointer-arith -Wendif-labels -Wmissing-format-attribute -Wimplicit-fallthrough=3 -Wcast-function-type  -D_GNU_SOURCE conftest.cpp >&5
configure:5871: $? = 0
configure:5887: result: yes
configure:5895: checking whether gcc supports -Wshadow=compatible-local, for CFLAGS
configure:5917: gcc -c -Wall -Wmissing-prototypes -Wpointer-arith -Wdeclaration-after-statement -Werror=vla -Wendif-labels -Wmissing-format-attribute -Wimplicit-fallthrough=3 -Wcast-function-type -Wshadow=compatible-local  -D_GNU_SOURCE conftest.c >&5
configure:5917: $? = 0
configure:5927: result: yes
configure:5934: checking whether g++ supports -Wshadow=compatible-local, for CXXFLAGS
configure:5962: g++ -c -Wall -Wpointer-arith -Wendif-labels -Wmissing-format-attribute -Wimplicit-fallthrough=3 -Wcast-function-type -Wshadow=compatible-local  -D_GNU_SOURCE conftest.cpp >&5
configure:5962: $? = 0
configure:5978: result: yes
configure:5987: checking whether gcc supports -Wformat-security, for CFLAGS
configure:6009: gcc -c -Wall -Wmissing-prototypes -Wpointer-arith -Wdeclaration-after-statement -Werror=vla -Wendif-labels -Wmissing-format-attribute -Wimplicit-fallthrough=3 -Wcast-function-type -Wshadow=compatible-local -Wformat-security  -D_GNU_SOURCE conftest.c >&5
configure:6009: $? = 0
configure:6019: result: yes
configure:6026: checking whether g++ supports -Wformat-security, for CXXFLAGS
configure:6054: g++ -c -Wall -Wpointer-arith -Wendif-labels -Wmissing-format-attribute -Wimplicit-fallthrough=3 -Wcast-function-type -Wshadow=compatible-local -Wformat-security  -D_GNU_SOURCE conftest.cpp >&5
configure:6054: $? = 0
configure:6070: result: yes
configure:6079: checking whether gcc supports -fno-strict-aliasing, for CFLAGS
configure:6101: gcc -c -Wall -Wmissing-prototypes -Wpointer-arith -Wdeclaration-after-statement -Werror=vla -Wendif-labels -Wmissing-format-attribute -Wimplicit-fallthrough=3 -Wcast-function-type -Wshadow=compatible-local -Wformat-security -fno-strict-aliasing  -D_GNU_SOURCE conftest.c >&5
configure:6101: $? = 0
configure:6111: result: yes
configure:6118: checking whether g++ supports -fno-strict-aliasing, for CXXFLAGS
configure:6146: g++ -c -Wall -Wpointer-arith -Wendif-labels -Wmissing-format-attribute -Wimplicit-fallthrough=3 -Wcast-function-type -Wshadow=compatible-local -Wformat-security -fno-strict-aliasing  -D_GNU_SOURCE conftest.cpp >&5
configure:6146: $? = 0
configure:6162: result: yes
configure:6171: checking whether gcc supports -fwrapv, for CFLAGS
configure:6193: gcc -c -Wall -Wmissing-prototypes -Wpointer-arith -Wdeclaration-after-statement -Werror=vla -Wendif-labels -Wmissing-format-attribute -Wimplicit-fallthrough=3 -Wcast-function-type -Wshadow=compatible-local -Wformat-security -fno-strict-aliasing -fwrapv  -D_GNU_SOURCE conftest.c >&5
configure:6193: $? = 0
configure:6203: result: yes
configure:6210: checking whether g++ supports -fwrapv, for CXXFLAGS
configure:6238: g++ -c -Wall -Wpointer-arith -Wendif-labels -Wmissing-format-attribute -Wimplicit-fallthrough=3 -Wcast-function-type -Wshadow=compatible-local -Wformat-security -fno-strict-aliasing -fwrapv  -D_GNU_SOURCE conftest.cpp >&5
configure:6238: $? = 0
configure:6254: result: yes
configure:6263: checking whether gcc supports -fexcess-precision=standard, for CFLAGS
configure:6285: gcc -c -Wall -Wmissing-prototypes -Wpointer-arith -Wdeclaration-after-statement -Werror=vla -Wendif-labels -Wmissing-format-attribute -Wimplicit-fallthrough=3 -Wcast-function-type -Wshadow=compatible-local -Wformat-security -fno-strict-aliasing -fwrapv -fexcess-precision=standard  -D_GNU_SOURCE conftest.c >&5
configure:6285: $? = 0
configure:6295: result: yes
configure:6302: checking whether g++ supports -fexcess-precision=standard, for CXXFLAGS
configure:6330: g++ -c -Wall -Wpointer-arith -Wendif-labels -Wmissing-format-attribute -Wimplicit-fallthrough=3 -Wcast-function-type -Wshadow=compatible-local -Wformat-security -fno-strict-aliasing -fwrapv -fexcess-precision=standard  -D_GNU_SOURCE conftest.cpp >&5
configure:6330: $? = 0
configure:6346: result: yes
configure:6354: checking whether gcc supports -funroll-loops, for CFLAGS_UNROLL_LOOPS
configure:6376: gcc -c  -funroll-loops  -D_GNU_SOURCE conftest.c >&5
configure:6376: $? = 0
configure:6386: result: yes
configure:6394: checking whether gcc supports -ftree-vectorize, for CFLAGS_VECTORIZE
configure:6416: gcc -c  -ftree-vectorize  -D_GNU_SOURCE conftest.c >&5
configure:6416: $? = 0
configure:6426: result: yes
configure:6442: checking whether gcc supports -Wunused-command-line-argument, for NOT_THE_CFLAGS
configure:6464: gcc -c  -Wunused-command-line-argument  -D_GNU_SOURCE conftest.c >&5
gcc: error: unrecognized command-line option '-Wunused-command-line-argument'; did you mean '-Wunused-dummy-argument'?
configure:6464: $? = 1
configure: failed program was:
| /* confdefs.h */
| #define PACKAGE_NAME "PostgreSQL"
| #define PACKAGE_TARNAME "postgresql"
| #define PACKAGE_VERSION "16.1"
| #define PACKAGE_STRING "PostgreSQL 16.1"
| #define PACKAGE_BUGREPORT "pgsql-bugs@lists.postgresql.org"
| #define PACKAGE_URL "https://www.postgresql.org/"
| #define CONFIGURE_ARGS " '--prefix=/home/shf/pg/postgresql-16.1/release/bin' '--with-zlib' '--enable-debug' '--without-icu' 'CCFLAG=-g -O0' 'CC=gcc'"
| #define PG_MAJORVERSION "16"
| #define PG_MAJORVERSION_NUM 16
| #define PG_MINORVERSION_NUM 1
| #define PG_VERSION "16.1"
| #define DEF_PGPORT 5432
| #define DEF_PGPORT_STR "5432"
| #define BLCKSZ 8192
| #define RELSEG_SIZE 131072
| #define XLOG_BLCKSZ 8192
| /* end confdefs.h.  */
| 
| int
| main ()
| {
| 
|   ;
|   return 0;
| }
configure:6474: result: no
configure:6487: checking whether gcc supports -Wcompound-token-split-by-macro, for NOT_THE_CFLAGS
configure:6509: gcc -c  -Wcompound-token-split-by-macro  -D_GNU_SOURCE conftest.c >&5
gcc: error: unrecognized command-line option '-Wcompound-token-split-by-macro'
configure:6509: $? = 1
configure: failed program was:
| /* confdefs.h */
| #define PACKAGE_NAME "PostgreSQL"
| #define PACKAGE_TARNAME "postgresql"
| #define PACKAGE_VERSION "16.1"
| #define PACKAGE_STRING "PostgreSQL 16.1"
| #define PACKAGE_BUGREPORT "pgsql-bugs@lists.postgresql.org"
| #define PACKAGE_URL "https://www.postgresql.org/"
| #define CONFIGURE_ARGS " '--prefix=/home/shf/pg/postgresql-16.1/release/bin' '--with-zlib' '--enable-debug' '--without-icu' 'CCFLAG=-g -O0' 'CC=gcc'"
| #define PG_MAJORVERSION "16"
| #define PG_MAJORVERSION_NUM 16
| #define PG_MINORVERSION_NUM 1
| #define PG_VERSION "16.1"
| #define DEF_PGPORT 5432
| #define DEF_PGPORT_STR "5432"
| #define BLCKSZ 8192
| #define RELSEG_SIZE 131072
| #define XLOG_BLCKSZ 8192
| /* end confdefs.h.  */
| 
| int
| main ()
| {
| 
|   ;
|   return 0;
| }
configure:6519: result: no
configure:6531: checking whether gcc supports -Wformat-truncation, for NOT_THE_CFLAGS
configure:6553: gcc -c  -Wformat-truncation  -D_GNU_SOURCE conftest.c >&5
configure:6553: $? = 0
configure:6563: result: yes
configure:6574: checking whether gcc supports -Wstringop-truncation, for NOT_THE_CFLAGS
configure:6596: gcc -c  -Wstringop-truncation  -D_GNU_SOURCE conftest.c >&5
configure:6596: $? = 0
configure:6606: result: yes
configure:6618: checking whether gcc supports -Wcast-function-type-strict, for NOT_THE_CFLAGS
configure:6640: gcc -c  -Wcast-function-type-strict  -D_GNU_SOURCE conftest.c >&5
gcc: error: unrecognized command-line option '-Wcast-function-type-strict'; did you mean '-Wcast-function-type'?
configure:6640: $? = 1
configure: failed program was:
| /* confdefs.h */
| #define PACKAGE_NAME "PostgreSQL"
| #define PACKAGE_TARNAME "postgresql"
| #define PACKAGE_VERSION "16.1"
| #define PACKAGE_STRING "PostgreSQL 16.1"
| #define PACKAGE_BUGREPORT "pgsql-bugs@lists.postgresql.org"
| #define PACKAGE_URL "https://www.postgresql.org/"
| #define CONFIGURE_ARGS " '--prefix=/home/shf/pg/postgresql-16.1/release/bin' '--with-zlib' '--enable-debug' '--without-icu' 'CCFLAG=-g -O0' 'CC=gcc'"
| #define PG_MAJORVERSION "16"
| #define PG_MAJORVERSION_NUM 16
| #define PG_MINORVERSION_NUM 1
| #define PG_VERSION "16.1"
| #define DEF_PGPORT 5432
| #define DEF_PGPORT_STR "5432"
| #define BLCKSZ 8192
| #define RELSEG_SIZE 131072
| #define XLOG_BLCKSZ 8192
| /* end confdefs.h.  */
| 
| int
| main ()
| {
| 
|   ;
|   return 0;
| }
configure:6650: result: no
configure:7043: checking whether gcc supports -fvisibility=hidden, for CFLAGS_SL_MODULE
configure:7065: gcc -c  -fvisibility=hidden  -D_GNU_SOURCE conftest.c >&5
configure:7065: $? = 0
configure:7075: result: yes
configure:7083: checking whether g++ supports -fvisibility=hidden, for CXXFLAGS_SL_MODULE
configure:7111: g++ -c  -fvisibility=hidden  -D_GNU_SOURCE conftest.cpp >&5
configure:7111: $? = 0
configure:7127: result: yes
configure:7133: checking whether g++ supports -fvisibility-inlines-hidden, for CXXFLAGS_SL_MODULE
configure:7161: g++ -c  -fvisibility=hidden -fvisibility-inlines-hidden  -D_GNU_SOURCE conftest.cpp >&5
configure:7161: $? = 0
configure:7177: result: yes
configure:7886: checking whether the C compiler still works
configure:7899: gcc -o conftest -Wall -Wmissing-prototypes -Wpointer-arith -Wdeclaration-after-statement -Werror=vla -Wendif-labels -Wmissing-format-attribute -Wimplicit-fallthrough=3 -Wcast-function-type -Wshadow=compatible-local -Wformat-security -fno-strict-aliasing -fwrapv -fexcess-precision=standard -Wno-format-truncation -Wno-stringop-truncation -g -O2  -D_GNU_SOURCE  conftest.c  >&5
configure:7899: $? = 0
configure:7900: result: yes
configure:7925: gcc -c -Wall -Wmissing-prototypes -Wpointer-arith -Wdeclaration-after-statement -Werror=vla -Wendif-labels -Wmissing-format-attribute -Wimplicit-fallthrough=3 -Wcast-function-type -Wshadow=compatible-local -Wformat-security -fno-strict-aliasing -fwrapv -fexcess-precision=standard -Wno-format-truncation -Wno-stringop-truncation -g -O2  -D_GNU_SOURCE conftest.c >&5
configure:7925: $? = 0
configure:7971: checking how to run the C preprocessor
configure:8002: gcc -E  -D_GNU_SOURCE conftest.c
configure:8002: $? = 0
configure:8016: gcc -E  -D_GNU_SOURCE conftest.c
conftest.c:20:10: fatal error: ac_nonexistent.h: No such file or directory
   20 | #include <ac_nonexistent.h>
      |          ^~~~~~~~~~~~~~~~~~
compilation terminated.
configure:8016: $? = 1
configure: failed program was:
| /* confdefs.h */
| #define PACKAGE_NAME "PostgreSQL"
| #define PACKAGE_TARNAME "postgresql"
| #define PACKAGE_VERSION "16.1"
| #define PACKAGE_STRING "PostgreSQL 16.1"
| #define PACKAGE_BUGREPORT "pgsql-bugs@lists.postgresql.org"
| #define PACKAGE_URL "https://www.postgresql.org/"
| #define CONFIGURE_ARGS " '--prefix=/home/shf/pg/postgresql-16.1/release/bin' '--with-zlib' '--enable-debug' '--without-icu' 'CCFLAG=-g -O0' 'CC=gcc'"
| #define PG_MAJORVERSION "16"
| #define PG_MAJORVERSION_NUM 16
| #define PG_MINORVERSION_NUM 1
| #define PG_VERSION "16.1"
| #define DEF_PGPORT 5432
| #define DEF_PGPORT_STR "5432"
| #define BLCKSZ 8192
| #define RELSEG_SIZE 131072
| #define XLOG_BLCKSZ 8192
| #define HAVE_VISIBILITY_ATTRIBUTE 1
| /* end confdefs.h.  */
| #include <ac_nonexistent.h>
configure:8041: result: gcc -E
configure:8061: gcc -E  -D_GNU_SOURCE conftest.c
configure:8061: $? = 0
configure:8075: gcc -E  -D_GNU_SOURCE conftest.c
conftest.c:20:10: fatal error: ac_nonexistent.h: No such file or directory
   20 | #include <ac_nonexistent.h>
      |          ^~~~~~~~~~~~~~~~~~
compilation terminated.
configure:8075: $? = 1
configure: failed program was:
| /* confdefs.h */
| #define PACKAGE_NAME "PostgreSQL"
| #define PACKAGE_TARNAME "postgresql"
| #define PACKAGE_VERSION "16.1"
| #define PACKAGE_STRING "PostgreSQL 16.1"
| #define PACKAGE_BUGREPORT "pgsql-bugs@lists.postgresql.org"
| #define PACKAGE_URL "https://www.postgresql.org/"
| #define CONFIGURE_ARGS " '--prefix=/home/shf/pg/postgresql-16.1/release/bin' '--with-zlib' '--enable-debug' '--without-icu' 'CCFLAG=-g -O0' 'CC=gcc'"
| #define PG_MAJORVERSION "16"
| #define PG_MAJORVERSION_NUM 16
| #define PG_MINORVERSION_NUM 1
| #define PG_VERSION "16.1"
| #define DEF_PGPORT 5432
| #define DEF_PGPORT_STR "5432"
| #define BLCKSZ 8192
| #define RELSEG_SIZE 131072
| #define XLOG_BLCKSZ 8192
| #define HAVE_VISIBILITY_ATTRIBUTE 1
| /* end confdefs.h.  */
| #include <ac_nonexistent.h>
configure:8183: checking for pkg-config
configure:8201: found /usr/bin/pkg-config
configure:8213: result: /usr/bin/pkg-config
configure:8238: checking pkg-config is at least version 0.9.0
configure:8241: result: yes
configure:8346: checking allow thread-safe client libraries
configure:8376: result: yes
configure:8383: checking whether to build with ICU support
configure:8413: result: no
configure:8500: checking whether to build with Tcl
configure:8526: result: no
configure:8558: checking whether to build Perl modules
configure:8584: result: no
configure:8591: checking whether to build Python modules
configure:8617: result: no
configure:8624: checking whether to build with GSSAPI support
configure:8655: result: no
configure:8700: checking whether to build with PAM support
configure:8728: result: no
configure:8735: checking whether to build with BSD Authentication support
configure:8763: result: no
configure:8770: checking whether to build with LDAP support
configure:8798: result: no
configure:8806: checking whether to build with Bonjour support
configure:8834: result: no
configure:8841: checking whether to build with SELinux support
configure:8868: result: no
configure:8874: checking whether to build with systemd support
configure:8903: result: no
configure:9058: checking whether to build with XML support
configure:9086: result: no
configure:9332: checking whether to build with LZ4 support
configure:9360: result: no
configure:9473: checking whether to build with ZSTD support
configure:9501: result: no
configure:9664: checking for strip
configure:9680: found /usr/bin/strip
configure:9691: result: strip
configure:9714: checking whether it is possible to strip libraries
configure:9719: result: yes
configure:9784: checking for ar
configure:9800: found /usr/bin/ar
configure:9811: result: ar
configure:9942: checking for a BSD-compatible install
configure:10010: result: /usr/bin/install -c
configure:10035: checking for tar
configure:10053: found /usr/bin/tar
configure:10065: result: /usr/bin/tar
configure:10084: checking whether ln -s works
configure:10088: result: yes
configure:10095: checking for a thread-safe mkdir -p
configure:10134: result: /usr/bin/mkdir -p
configure:10149: checking for bison
configure:10167: found /usr/bin/bison
configure:10179: result: /usr/bin/bison
configure:10201: using bison (GNU Bison) 3.8.2
configure:10239: checking for flex
configure:10284: result: /usr/bin/flex
configure:10304: using flex 2.6.4
configure:10317: checking for perl
configure:10335: found /usr/bin/perl
configure:10347: result: /usr/bin/perl
configure:10369: using perl 5.38.2
configure:10741: checking for a sed that does not truncate output
configure:10805: result: /usr/bin/sed
configure:10811: checking for grep that handles long lines and -e
configure:10869: result: /usr/bin/grep
configure:10874: checking for egrep
configure:10936: result: /usr/bin/grep -E
configure:10941: checking for ANSI C header files
configure:10961: gcc -c -Wall -Wmissing-prototypes -Wpointer-arith -Wdeclaration-after-statement -Werror=vla -Wendif-labels -Wmissing-format-attribute -Wimplicit-fallthrough=3 -Wcast-function-type -Wshadow=compatible-local -Wformat-security -fno-strict-aliasing -fwrapv -fexcess-precision=standard -Wno-format-truncation -Wno-stringop-truncation -g -O2  -D_GNU_SOURCE  conftest.c >&5
configure:10961: $? = 0
configure:11034: gcc -o conftest -Wall -Wmissing-prototypes -Wpointer-arith -Wdeclaration-after-statement -Werror=vla -Wendif-labels -Wmissing-format-attribute -Wimplicit-fallthrough=3 -Wcast-function-type -Wshadow=compatible-local -Wformat-security -fno-strict-aliasing -fwrapv -fexcess-precision=standard -Wno-format-truncation -Wno-stringop-truncation -g -O2  -D_GNU_SOURCE    conftest.c  >&5
configure:11034: $? = 0
configure:11034: ./conftest
configure:11034: $? = 0
configure:11045: result: yes
configure:11058: checking for sys/types.h
configure:11058: gcc -c -Wall -Wmissing-prototypes -Wpointer-arith -Wdeclaration-after-statement -Werror=vla -Wendif-labels -Wmissing-format-attribute -Wimplicit-fallthrough=3 -Wcast-function-type -Wshadow=compatible-local -Wformat-security -fno-strict-aliasing -fwrapv -fexcess-precision=standard -Wno-format-truncation -Wno-stringop-truncation -g -O2  -D_GNU_SOURCE  conftest.c >&5
configure:11058: $? = 0
configure:11058: result: yes
configure:11058: checking for sys/stat.h
configure:11058: gcc -c -Wall -Wmissing-prototypes -Wpointer-arith -Wdeclaration-after-statement -Werror=vla -Wendif-labels -Wmissing-format-attribute -Wimplicit-fallthrough=3 -Wcast-function-type -Wshadow=compatible-local -Wformat-security -fno-strict-aliasing -fwrapv -fexcess-precision=standard -Wno-format-truncation -Wno-stringop-truncation -g -O2  -D_GNU_SOURCE  conftest.c >&5
configure:11058: $? = 0
configure:11058: result: yes
configure:11058: checking for stdlib.h
configure:11058: gcc -c -Wall -Wmissing-prototypes -Wpointer-arith -Wdeclaration-after-statement -Werror=vla -Wendif-labels -Wmissing-format-attribute -Wimplicit-fallthrough=3 -Wcast-function-type -Wshadow=compatible-local -Wformat-security -fno-strict-aliasing -fwrapv -fexcess-precision=standard -Wno-format-truncation -Wno-stringop-truncation -g -O2  -D_GNU_SOURCE  conftest.c >&5
configure:11058: $? = 0
configure:11058: result: yes
configure:11058: checking for string.h
configure:11058: gcc -c -Wall -Wmissing-prototypes -Wpointer-arith -Wdeclaration-after-statement -Werror=vla -Wendif-labels -Wmissing-format-attribute -Wimplicit-fallthrough=3 -Wcast-function-type -Wshadow=compatible-local -Wformat-security -fno-strict-aliasing -fwrapv -fexcess-precision=standard -Wno-format-truncation -Wno-stringop-truncation -g -O2  -D_GNU_SOURCE  conftest.c >&5
configure:11058: $? = 0
configure:11058: result: yes
configure:11058: checking for memory.h
configure:11058: gcc -c -Wall -Wmissing-prototypes -Wpointer-arith -Wdeclaration-after-statement -Werror=vla -Wendif-labels -Wmissing-format-attribute -Wimplicit-fallthrough=3 -Wcast-function-type -Wshadow=compatible-local -Wformat-security -fno-strict-aliasing -fwrapv -fexcess-precision=standard -Wno-format-truncation -Wno-stringop-truncation -g -O2  -D_GNU_SOURCE  conftest.c >&5
configure:11058: $? = 0
configure:11058: result: yes
configure:11058: checking for strings.h
configure:11058: gcc -c -Wall -Wmissing-prototypes -Wpointer-arith -Wdeclaration-after-statement -Werror=vla -Wendif-labels -Wmissing-format-attribute -Wimplicit-fallthrough=3 -Wcast-function-type -Wshadow=compatible-local -Wformat-security -fno-strict-aliasing -fwrapv -fexcess-precision=standard -Wno-format-truncation -Wno-stringop-truncation -g -O2  -D_GNU_SOURCE  conftest.c >&5
configure:11058: $? = 0
configure:11058: result: yes
configure:11058: checking for inttypes.h
configure:11058: gcc -c -Wall -Wmissing-prototypes -Wpointer-arith -Wdeclaration-after-statement -Werror=vla -Wendif-labels -Wmissing-format-attribute -Wimplicit-fallthrough=3 -Wcast-function-type -Wshadow=compatible-local -Wformat-security -fno-strict-aliasing -fwrapv -fexcess-precision=standard -Wno-format-truncation -Wno-stringop-truncation -g -O2  -D_GNU_SOURCE  conftest.c >&5
configure:11058: $? = 0
configure:11058: result: yes
configure:11058: checking for stdint.h
configure:11058: gcc -c -Wall -Wmissing-prototypes -Wpointer-arith -Wdeclaration-after-statement -Werror=vla -Wendif-labels -Wmissing-format-attribute -Wimplicit-fallthrough=3 -Wcast-function-type -Wshadow=compatible-local -Wformat-security -fno-strict-aliasing -fwrapv -fexcess-precision=standard -Wno-format-truncation -Wno-stringop-truncation -g -O2  -D_GNU_SOURCE  conftest.c >&5
configure:11058: $? = 0
configure:11058: result: yes
configure:11058: checking for unistd.h
configure:11058: gcc -c -Wall -Wmissing-prototypes -Wpointer-arith -Wdeclaration-after-statement -Werror=vla -Wendif-labels -Wmissing-format-attribute -Wimplicit-fallthrough=3 -Wcast-function-type -Wshadow=compatible-local -Wformat-security -fno-strict-aliasing -fwrapv -fexcess-precision=standard -Wno-format-truncation -Wno-stringop-truncation -g -O2  -D_GNU_SOURCE  conftest.c >&5
configure:11058: $? = 0
configure:11058: result: yes
configure:11255: checking whether gcc is Clang
configure:11280: result: no
configure:11403: checking whether pthreads work with -pthread
configure:11497: gcc -o conftest -Wall -Wmissing-prototypes -Wpointer-arith -Wdeclaration-after-statement -Werror=vla -Wendif-labels -Wmissing-format-attribute -Wimplicit-fallthrough=3 -Wcast-function-type -Wshadow=compatible-local -Wformat-security -fno-strict-aliasing -fwrapv -fexcess-precision=standard -Wno-format-truncation -Wno-stringop-truncation -g -O2 -pthread  -D_GNU_SOURCE    conftest.c   >&5
configure:11497: $? = 0
configure:11506: result: yes
configure:11525: checking for joinable pthread attribute
configure:11543: gcc -o conftest -Wall -Wmissing-prototypes -Wpointer-arith -Wdeclaration-after-statement -Werror=vla -Wendif-labels -Wmissing-format-attribute -Wimplicit-fallthrough=3 -Wcast-function-type -Wshadow=compatible-local -Wformat-security -fno-strict-aliasing -fwrapv -fexcess-precision=standard -Wno-format-truncation -Wno-stringop-truncation -g -O2 -pthread  -D_GNU_SOURCE    conftest.c   >&5
configure:11543: $? = 0
configure:11551: result: PTHREAD_CREATE_JOINABLE
configure:11565: checking whether more special flags are required for pthreads
configure:11578: result: no
configure:11586: checking for PTHREAD_PRIO_INHERIT
configure:11602: gcc -o conftest -Wall -Wmissing-prototypes -Wpointer-arith -Wdeclaration-after-statement -Werror=vla -Wendif-labels -Wmissing-format-attribute -Wimplicit-fallthrough=3 -Wcast-function-type -Wshadow=compatible-local -Wformat-security -fno-strict-aliasing -fwrapv -fexcess-precision=standard -Wno-format-truncation -Wno-stringop-truncation -g -O2 -pthread  -D_GNU_SOURCE    conftest.c   >&5
conftest.c: In function 'main':
conftest.c:37:5: warning: unused variable 'i' [-Wunused-variable]
   37 | int i = PTHREAD_PRIO_INHERIT;
      |     ^
configure:11602: $? = 0
configure:11611: result: yes
configure:11724: checking pthread.h usability
configure:11724: gcc -c -Wall -Wmissing-prototypes -Wpointer-arith -Wdeclaration-after-statement -Werror=vla -Wendif-labels -Wmissing-format-attribute -Wimplicit-fallthrough=3 -Wcast-function-type -Wshadow=compatible-local -Wformat-security -fno-strict-aliasing -fwrapv -fexcess-precision=standard -Wno-format-truncation -Wno-stringop-truncation -g -O2 -pthread -D_REENTRANT -D_THREAD_SAFE  -D_GNU_SOURCE  conftest.c >&5
configure:11724: $? = 0
configure:11724: result: yes
configure:11724: checking pthread.h presence
configure:11724: gcc -E  -D_GNU_SOURCE  conftest.c
configure:11724: $? = 0
configure:11724: result: yes
configure:11724: checking for pthread.h
configure:11724: result: yes
configure:11736: checking for strerror_r
configure:11736: gcc -o conftest -Wall -Wmissing-prototypes -Wpointer-arith -Wdeclaration-after-statement -Werror=vla -Wendif-labels -Wmissing-format-attribute -Wimplicit-fallthrough=3 -Wcast-function-type -Wshadow=compatible-local -Wformat-security -fno-strict-aliasing -fwrapv -fexcess-precision=standard -Wno-format-truncation -Wno-stringop-truncation -g -O2 -pthread -D_REENTRANT -D_THREAD_SAFE  -D_GNU_SOURCE    conftest.c   >&5
configure:11736: $? = 0
configure:11736: result: yes
configure:11747: checking whether strerror_r returns int
configure:11766: gcc -c -Wall -Wmissing-prototypes -Wpointer-arith -Wdeclaration-after-statement -Werror=vla -Wendif-labels -Wmissing-format-attribute -Wimplicit-fallthrough=3 -Wcast-function-type -Wshadow=compatible-local -Wformat-security -fno-strict-aliasing -fwrapv -fexcess-precision=standard -Wno-format-truncation -Wno-stringop-truncation -g -O2 -pthread -D_REENTRANT -D_THREAD_SAFE  -D_GNU_SOURCE  conftest.c >&5
conftest.c: In function 'main':
conftest.c:41:11: error: switch quantity not an integer
   41 |   switch (strerror_r(1, buf, sizeof(buf)))
      |           ^~~~~~~~~~
configure:11766: $? = 1
configure: failed program was:
| /* confdefs.h */
| #define PACKAGE_NAME "PostgreSQL"
| #define PACKAGE_TARNAME "postgresql"
| #define PACKAGE_VERSION "16.1"
| #define PACKAGE_STRING "PostgreSQL 16.1"
| #define PACKAGE_BUGREPORT "pgsql-bugs@lists.postgresql.org"
| #define PACKAGE_URL "https://www.postgresql.org/"
| #define CONFIGURE_ARGS " '--prefix=/home/shf/pg/postgresql-16.1/release/bin' '--with-zlib' '--enable-debug' '--without-icu' 'CCFLAG=-g -O0' 'CC=gcc'"
| #define PG_MAJORVERSION "16"
| #define PG_MAJORVERSION_NUM 16
| #define PG_MINORVERSION_NUM 1
| #define PG_VERSION "16.1"
| #define DEF_PGPORT 5432
| #define DEF_PGPORT_STR "5432"
| #define BLCKSZ 8192
| #define RELSEG_SIZE 131072
| #define XLOG_BLCKSZ 8192
| #define HAVE_VISIBILITY_ATTRIBUTE 1
| #define DLSUFFIX ".so"
| #define ENABLE_THREAD_SAFETY 1
| #define PG_KRB_SRVNAM "postgres"
| #define STDC_HEADERS 1
| #define HAVE_SYS_TYPES_H 1
| #define HAVE_SYS_STAT_H 1
| #define HAVE_STDLIB_H 1
| #define HAVE_STRING_H 1
| #define HAVE_MEMORY_H 1
| #define HAVE_STRINGS_H 1
| #define HAVE_INTTYPES_H 1
| #define HAVE_STDINT_H 1
| #define HAVE_UNISTD_H 1
| #define HAVE_PTHREAD_PRIO_INHERIT 1
| #define HAVE_PTHREAD 1
| #define HAVE_STRERROR_R 1
| /* end confdefs.h.  */
| #include <string.h>
| int
| main ()
| {
| char buf[100];
|   switch (strerror_r(1, buf, sizeof(buf)))
|   { case 0: break; default: break; }
| 
|   ;
|   return 0;
| }
configure:11773: result: no
configure:11807: checking for main in -lm
configure:11826: gcc -o conftest -Wall -Wmissing-prototypes -Wpointer-arith -Wdeclaration-after-statement -Werror=vla -Wendif-labels -Wmissing-format-attribute -Wimplicit-fallthrough=3 -Wcast-function-type -Wshadow=compatible-local -Wformat-security -fno-strict-aliasing -fwrapv -fexcess-precision=standard -Wno-format-truncation -Wno-stringop-truncation -g -O2  -D_GNU_SOURCE    conftest.c -lm   >&5
conftest.c: In function 'main':
conftest.c:39:1: warning: infinite recursion detected [-Winfinite-recursion]
   39 | main ()
      | ^~~~
conftest.c:41:8: note: recursive call
   41 | return main ();
      |        ^~~~~~~
configure:11826: $? = 0
configure:11835: result: yes
configure:11846: checking for library containing setproctitle
configure:11877: gcc -o conftest -Wall -Wmissing-prototypes -Wpointer-arith -Wdeclaration-after-statement -Werror=vla -Wendif-labels -Wmissing-format-attribute -Wimplicit-fallthrough=3 -Wcast-function-type -Wshadow=compatible-local -Wformat-security -fno-strict-aliasing -fwrapv -fexcess-precision=standard -Wno-format-truncation -Wno-stringop-truncation -g -O2  -D_GNU_SOURCE    conftest.c -lm  >&5
/usr/bin/ld: /tmp/cc3qa9vE.o: in function `main':
/home/shf/pg/postgresql-16.1/conftest.c:48:(.text.startup+0xb): undefined reference to `setproctitle'
collect2: error: ld returned 1 exit status
configure:11877: $? = 1
configure: failed program was:
| /* confdefs.h */
| #define PACKAGE_NAME "PostgreSQL"
| #define PACKAGE_TARNAME "postgresql"
| #define PACKAGE_VERSION "16.1"
| #define PACKAGE_STRING "PostgreSQL 16.1"
| #define PACKAGE_BUGREPORT "pgsql-bugs@lists.postgresql.org"
| #define PACKAGE_URL "https://www.postgresql.org/"
| #define CONFIGURE_ARGS " '--prefix=/home/shf/pg/postgresql-16.1/release/bin' '--with-zlib' '--enable-debug' '--without-icu' 'CCFLAG=-g -O0' 'CC=gcc'"
| #define PG_MAJORVERSION "16"
| #define PG_MAJORVERSION_NUM 16
| #define PG_MINORVERSION_NUM 1
| #define PG_VERSION "16.1"
| #define DEF_PGPORT 5432
| #define DEF_PGPORT_STR "5432"
| #define BLCKSZ 8192
| #define RELSEG_SIZE 131072
| #define XLOG_BLCKSZ 8192
| #define HAVE_VISIBILITY_ATTRIBUTE 1
| #define DLSUFFIX ".so"
| #define ENABLE_THREAD_SAFETY 1
| #define PG_KRB_SRVNAM "postgres"
| #define STDC_HEADERS 1
| #define HAVE_SYS_TYPES_H 1
| #define HAVE_SYS_STAT_H 1
| #define HAVE_STDLIB_H 1
| #define HAVE_STRING_H 1
| #define HAVE_MEMORY_H 1
| #define HAVE_STRINGS_H 1
| #define HAVE_INTTYPES_H 1
| #define HAVE_STDINT_H 1
| #define HAVE_UNISTD_H 1
| #define HAVE_PTHREAD_PRIO_INHERIT 1
| #define HAVE_PTHREAD 1
| #define HAVE_STRERROR_R 1
| #define HAVE_LIBM 1
| /* end confdefs.h.  */
| 
| /* Override any GCC internal prototype to avoid an error.
|    Use char because int might match the return type of a GCC
|    builtin and then its argument prototype would still apply.  */
| #ifdef __cplusplus
| extern "C"
| #endif
| char setproctitle ();
| int
| main ()
| {
| return setproctitle ();
|   ;
|   return 0;
| }
configure:11877: gcc -o conftest -Wall -Wmissing-prototypes -Wpointer-arith -Wdeclaration-after-statement -Werror=vla -Wendif-labels -Wmissing-format-attribute -Wimplicit-fallthrough=3 -Wcast-function-type -Wshadow=compatible-local -Wformat-security -fno-strict-aliasing -fwrapv -fexcess-precision=standard -Wno-format-truncation -Wno-stringop-truncation -g -O2  -D_GNU_SOURCE    conftest.c -lutil  -lm  >&5
/usr/bin/ld: /tmp/ccWvBG85.o: in function `main':
/home/shf/pg/postgresql-16.1/conftest.c:48:(.text.startup+0xb): undefined reference to `setproctitle'
collect2: error: ld returned 1 exit status
configure:11877: $? = 1
configure: failed program was:
| /* confdefs.h */
| #define PACKAGE_NAME "PostgreSQL"
| #define PACKAGE_TARNAME "postgresql"
| #define PACKAGE_VERSION "16.1"
| #define PACKAGE_STRING "PostgreSQL 16.1"
| #define PACKAGE_BUGREPORT "pgsql-bugs@lists.postgresql.org"
| #define PACKAGE_URL "https://www.postgresql.org/"
| #define CONFIGURE_ARGS " '--prefix=/home/shf/pg/postgresql-16.1/release/bin' '--with-zlib' '--enable-debug' '--without-icu' 'CCFLAG=-g -O0' 'CC=gcc'"
| #define PG_MAJORVERSION "16"
| #define PG_MAJORVERSION_NUM 16
| #define PG_MINORVERSION_NUM 1
| #define PG_VERSION "16.1"
| #define DEF_PGPORT 5432
| #define DEF_PGPORT_STR "5432"
| #define BLCKSZ 8192
| #define RELSEG_SIZE 131072
| #define XLOG_BLCKSZ 8192
| #define HAVE_VISIBILITY_ATTRIBUTE 1
| #define DLSUFFIX ".so"
| #define ENABLE_THREAD_SAFETY 1
| #define PG_KRB_SRVNAM "postgres"
| #define STDC_HEADERS 1
| #define HAVE_SYS_TYPES_H 1
| #define HAVE_SYS_STAT_H 1
| #define HAVE_STDLIB_H 1
| #define HAVE_STRING_H 1
| #define HAVE_MEMORY_H 1
| #define HAVE_STRINGS_H 1
| #define HAVE_INTTYPES_H 1
| #define HAVE_STDINT_H 1
| #define HAVE_UNISTD_H 1
| #define HAVE_PTHREAD_PRIO_INHERIT 1
| #define HAVE_PTHREAD 1
| #define HAVE_STRERROR_R 1
| #define HAVE_LIBM 1
| /* end confdefs.h.  */
| 
| /* Override any GCC internal prototype to avoid an error.
|    Use char because int might match the return type of a GCC
|    builtin and then its argument prototype would still apply.  */
| #ifdef __cplusplus
| extern "C"
| #endif
| char setproctitle ();
| int
| main ()
| {
| return setproctitle ();
|   ;
|   return 0;
| }
configure:11894: result: no
configure:11905: checking for library containing dlsym
configure:11936: gcc -o conftest -Wall -Wmissing-prototypes -Wpointer-arith -Wdeclaration-after-statement -Werror=vla -Wendif-labels -Wmissing-format-attribute -Wimplicit-fallthrough=3 -Wcast-function-type -Wshadow=compatible-local -Wformat-security -fno-strict-aliasing -fwrapv -fexcess-precision=standard -Wno-format-truncation -Wno-stringop-truncation -g -O2  -D_GNU_SOURCE    conftest.c -lm  >&5
configure:11936: $? = 0
configure:11953: result: none required
configure:11961: checking for library containing socket
configure:11992: gcc -o conftest -Wall -Wmissing-prototypes -Wpointer-arith -Wdeclaration-after-statement -Werror=vla -Wendif-labels -Wmissing-format-attribute -Wimplicit-fallthrough=3 -Wcast-function-type -Wshadow=compatible-local -Wformat-security -fno-strict-aliasing -fwrapv -fexcess-precision=standard -Wno-format-truncation -Wno-stringop-truncation -g -O2  -D_GNU_SOURCE    conftest.c -lm  >&5
configure:11992: $? = 0
configure:12009: result: none required
configure:12017: checking for library containing getopt_long
configure:12048: gcc -o conftest -Wall -Wmissing-prototypes -Wpointer-arith -Wdeclaration-after-statement -Werror=vla -Wendif-labels -Wmissing-format-attribute -Wimplicit-fallthrough=3 -Wcast-function-type -Wshadow=compatible-local -Wformat-security -fno-strict-aliasing -fwrapv -fexcess-precision=standard -Wno-format-truncation -Wno-stringop-truncation -g -O2  -D_GNU_SOURCE    conftest.c -lm  >&5
configure:12048: $? = 0
configure:12065: result: none required
configure:12073: checking for library containing shm_open
configure:12104: gcc -o conftest -Wall -Wmissing-prototypes -Wpointer-arith -Wdeclaration-after-statement -Werror=vla -Wendif-labels -Wmissing-format-attribute -Wimplicit-fallthrough=3 -Wcast-function-type -Wshadow=compatible-local -Wformat-security -fno-strict-aliasing -fwrapv -fexcess-precision=standard -Wno-format-truncation -Wno-stringop-truncation -g -O2  -D_GNU_SOURCE    conftest.c -lm  >&5
configure:12104: $? = 0
configure:12121: result: none required
configure:12129: checking for library containing shm_unlink
configure:12160: gcc -o conftest -Wall -Wmissing-prototypes -Wpointer-arith -Wdeclaration-after-statement -Werror=vla -Wendif-labels -Wmissing-format-attribute -Wimplicit-fallthrough=3 -Wcast-function-type -Wshadow=compatible-local -Wformat-security -fno-strict-aliasing -fwrapv -fexcess-precision=standard -Wno-format-truncation -Wno-stringop-truncation -g -O2  -D_GNU_SOURCE    conftest.c -lm  >&5
configure:12160: $? = 0
configure:12177: result: none required
configure:12185: checking for library containing clock_gettime
configure:12216: gcc -o conftest -Wall -Wmissing-prototypes -Wpointer-arith -Wdeclaration-after-statement -Werror=vla -Wendif-labels -Wmissing-format-attribute -Wimplicit-fallthrough=3 -Wcast-function-type -Wshadow=compatible-local -Wformat-security -fno-strict-aliasing -fwrapv -fexcess-precision=standard -Wno-format-truncation -Wno-stringop-truncation -g -O2  -D_GNU_SOURCE    conftest.c -lm  >&5
configure:12216: $? = 0
configure:12233: result: none required
configure:12242: checking for library containing fdatasync
configure:12273: gcc -o conftest -Wall -Wmissing-prototypes -Wpointer-arith -Wdeclaration-after-statement -Werror=vla -Wendif-labels -Wmissing-format-attribute -Wimplicit-fallthrough=3 -Wcast-function-type -Wshadow=compatible-local -Wformat-security -fno-strict-aliasing -fwrapv -fexcess-precision=standard -Wno-format-truncation -Wno-stringop-truncation -g -O2  -D_GNU_SOURCE    conftest.c -lm  >&5
configure:12273: $? = 0
configure:12290: result: none required
configure:12299: checking for library containing shmget
configure:12330: gcc -o conftest -Wall -Wmissing-prototypes -Wpointer-arith -Wdeclaration-after-statement -Werror=vla -Wendif-labels -Wmissing-format-attribute -Wimplicit-fallthrough=3 -Wcast-function-type -Wshadow=compatible-local -Wformat-security -fno-strict-aliasing -fwrapv -fexcess-precision=standard -Wno-format-truncation -Wno-stringop-truncation -g -O2  -D_GNU_SOURCE    conftest.c -lm  >&5
configure:12330: $? = 0
configure:12347: result: none required
configure:12356: checking for library containing backtrace_symbols
configure:12387: gcc -o conftest -Wall -Wmissing-prototypes -Wpointer-arith -Wdeclaration-after-statement -Werror=vla -Wendif-labels -Wmissing-format-attribute -Wimplicit-fallthrough=3 -Wcast-function-type -Wshadow=compatible-local -Wformat-security -fno-strict-aliasing -fwrapv -fexcess-precision=standard -Wno-format-truncation -Wno-stringop-truncation -g -O2  -D_GNU_SOURCE    conftest.c -lm  >&5
configure:12387: $? = 0
configure:12404: result: none required
configure:12414: checking for library containing pthread_barrier_wait
configure:12445: gcc -o conftest -Wall -Wmissing-prototypes -Wpointer-arith -Wdeclaration-after-statement -Werror=vla -Wendif-labels -Wmissing-format-attribute -Wimplicit-fallthrough=3 -Wcast-function-type -Wshadow=compatible-local -Wformat-security -fno-strict-aliasing -fwrapv -fexcess-precision=standard -Wno-format-truncation -Wno-stringop-truncation -g -O2  -D_GNU_SOURCE    conftest.c -lm  >&5
configure:12445: $? = 0
configure:12462: result: none required
configure:12475: checking for library containing readline
configure:12507: gcc -o conftest -Wall -Wmissing-prototypes -Wpointer-arith -Wdeclaration-after-statement -Werror=vla -Wendif-labels -Wmissing-format-attribute -Wimplicit-fallthrough=3 -Wcast-function-type -Wshadow=compatible-local -Wformat-security -fno-strict-aliasing -fwrapv -fexcess-precision=standard -Wno-format-truncation -Wno-stringop-truncation -g -O2  -D_GNU_SOURCE    conftest.c -lreadline -lm  >&5
configure:12507: $? = 0
configure:12533: result: -lreadline
configure:12552: checking for inflate in -lz
configure:12577: gcc -o conftest -Wall -Wmissing-prototypes -Wpointer-arith -Wdeclaration-after-statement -Werror=vla -Wendif-labels -Wmissing-format-attribute -Wimplicit-fallthrough=3 -Wcast-function-type -Wshadow=compatible-local -Wformat-security -fno-strict-aliasing -fwrapv -fexcess-precision=standard -Wno-format-truncation -Wno-stringop-truncation -g -O2  -D_GNU_SOURCE    conftest.c -lz  -lreadline -lm  >&5
configure:12577: $? = 0
configure:12586: result: yes
configure:13665: checking for stdbool.h that conforms to C99
configure:13732: gcc -c -Wall -Wmissing-prototypes -Wpointer-arith -Wdeclaration-after-statement -Werror=vla -Wendif-labels -Wmissing-format-attribute -Wimplicit-fallthrough=3 -Wcast-function-type -Wshadow=compatible-local -Wformat-security -fno-strict-aliasing -fwrapv -fexcess-precision=standard -Wno-format-truncation -Wno-stringop-truncation -g -O2  -D_GNU_SOURCE  conftest.c >&5
conftest.c: In function 'main':
conftest.c:90:14: warning: the address of 's' will always evaluate as 'true' [-Waddress]
   90 |              bool e = &s;
      |              ^~~~
conftest.c:94:22: warning: the address of 'a' will always evaluate as 'true' [-Waddress]
   94 |              return (!a + !b + !c + !d + !e + !f + !g + !h + !i + !!j + !k + !!l
      |                      ^
conftest.c:94:27: warning: the address of 'b' will always evaluate as 'true' [-Waddress]
   94 |              return (!a + !b + !c + !d + !e + !f + !g + !h + !i + !!j + !k + !!l
      |                           ^
conftest.c:94:32: warning: the address of 'c' will always evaluate as 'true' [-Waddress]
   94 |              return (!a + !b + !c + !d + !e + !f + !g + !h + !i + !!j + !k + !!l
      |                                ^
conftest.c:94:37: warning: the address of 'd' will always evaluate as 'true' [-Waddress]
   94 |              return (!a + !b + !c + !d + !e + !f + !g + !h + !i + !!j + !k + !!l
      |                                     ^
conftest.c:94:47: warning: the address of 'f' will always evaluate as 'true' [-Waddress]
   94 |              return (!a + !b + !c + !d + !e + !f + !g + !h + !i + !!j + !k + !!l
      |                                               ^
conftest.c:94:52: warning: the address of 'g' will always evaluate as 'true' [-Waddress]
   94 |              return (!a + !b + !c + !d + !e + !f + !g + !h + !i + !!j + !k + !!l
      |                                                    ^
conftest.c:94:57: warning: the address of 'h' will always evaluate as 'true' [-Waddress]
   94 |              return (!a + !b + !c + !d + !e + !f + !g + !h + !i + !!j + !k + !!l
      |                                                         ^
conftest.c:94:62: warning: the address of 'i' will always evaluate as 'true' [-Waddress]
   94 |              return (!a + !b + !c + !d + !e + !f + !g + !h + !i + !!j + !k + !!l
      |                                                              ^
conftest.c:95:29: warning: the address of 'n' will always evaluate as 'true' [-Waddress]
   95 |                      + !m + !n + !o + !p + !q + !pq);
      |                             ^
conftest.c:95:34: warning: the address of 'o' will always evaluate as 'true' [-Waddress]
   95 |                      + !m + !n + !o + !p + !q + !pq);
      |                                  ^
conftest.c:95:39: warning: the address of 'p' will always evaluate as 'true' [-Waddress]
   95 |                      + !m + !n + !o + !p + !q + !pq);
      |                                       ^
configure:13732: $? = 0
configure:13739: result: yes
configure:13741: checking for _Bool
configure:13741: gcc -c -Wall -Wmissing-prototypes -Wpointer-arith -Wdeclaration-after-statement -Werror=vla -Wendif-labels -Wmissing-format-attribute -Wimplicit-fallthrough=3 -Wcast-function-type -Wshadow=compatible-local -Wformat-security -fno-strict-aliasing -fwrapv -fexcess-precision=standard -Wno-format-truncation -Wno-stringop-truncation -g -O2  -D_GNU_SOURCE  conftest.c >&5
configure:13741: $? = 0
configure:13741: gcc -c -Wall -Wmissing-prototypes -Wpointer-arith -Wdeclaration-after-statement -Werror=vla -Wendif-labels -Wmissing-format-attribute -Wimplicit-fallthrough=3 -Wcast-function-type -Wshadow=compatible-local -Wformat-security -fno-strict-aliasing -fwrapv -fexcess-precision=standard -Wno-format-truncation -Wno-stringop-truncation -g -O2  -D_GNU_SOURCE  conftest.c >&5
conftest.c: In function 'main':
conftest.c:77:20: error: expected expression before ')' token
   77 | if (sizeof ((_Bool)))
      |                    ^
configure:13741: $? = 1
configure: failed program was:
| /* confdefs.h */
| #define PACKAGE_NAME "PostgreSQL"
| #define PACKAGE_TARNAME "postgresql"
| #define PACKAGE_VERSION "16.1"
| #define PACKAGE_STRING "PostgreSQL 16.1"
| #define PACKAGE_BUGREPORT "pgsql-bugs@lists.postgresql.org"
| #define PACKAGE_URL "https://www.postgresql.org/"
| #define CONFIGURE_ARGS " '--prefix=/home/shf/pg/postgresql-16.1/release/bin' '--with-zlib' '--enable-debug' '--without-icu' 'CCFLAG=-g -O0' 'CC=gcc'"
| #define PG_MAJORVERSION "16"
| #define PG_MAJORVERSION_NUM 16
| #define PG_MINORVERSION_NUM 1
| #define PG_VERSION "16.1"
| #define DEF_PGPORT 5432
| #define DEF_PGPORT_STR "5432"
| #define BLCKSZ 8192
| #define RELSEG_SIZE 131072
| #define XLOG_BLCKSZ 8192
| #define HAVE_VISIBILITY_ATTRIBUTE 1
| #define DLSUFFIX ".so"
| #define ENABLE_THREAD_SAFETY 1
| #define PG_KRB_SRVNAM "postgres"
| #define STDC_HEADERS 1
| #define HAVE_SYS_TYPES_H 1
| #define HAVE_SYS_STAT_H 1
| #define HAVE_STDLIB_H 1
| #define HAVE_STRING_H 1
| #define HAVE_MEMORY_H 1
| #define HAVE_STRINGS_H 1
| #define HAVE_INTTYPES_H 1
| #define HAVE_STDINT_H 1
| #define HAVE_UNISTD_H 1
| #define HAVE_PTHREAD_PRIO_INHERIT 1
| #define HAVE_PTHREAD 1
| #define HAVE_STRERROR_R 1
| #define HAVE_LIBM 1
| #define HAVE_LIBREADLINE 1
| #define HAVE_LIBZ 1
| #define HAVE_SPINLOCKS 1
| #define HAVE_ATOMICS 1
| /* end confdefs.h.  */
| #include <stdio.h>
| #ifdef HAVE_SYS_TYPES_H
| # include <sys/types.h>
| #endif
| #ifdef HAVE_SYS_STAT_H
| # include <sys/stat.h>
| #endif
| #ifdef STDC_HEADERS
| # include <stdlib.h>
| # include <stddef.h>
| #else
| # ifdef HAVE_STDLIB_H
| #  include <stdlib.h>
| # endif
| #endif
| #ifdef HAVE_STRING_H
| # if !defined STDC_HEADERS && defined HAVE_MEMORY_H
| #  include <memory.h>
| # endif
| # include <string.h>
| #endif
| #ifdef HAVE_STRINGS_H
| # include <strings.h>
| #endif
| #ifdef HAVE_INTTYPES_H
| # include <inttypes.h>
| #endif
| #ifdef HAVE_STDINT_H
| # include <stdint.h>
| #endif
| #ifdef HAVE_UNISTD_H
| # include <unistd.h>
| #endif
| int
| main ()
| {
| if (sizeof ((_Bool)))
| 	    return 0;
|   ;
|   return 0;
| }
configure:13741: result: yes
configure:13762: checking atomic.h usability
configure:13762: gcc -c -Wall -Wmissing-prototypes -Wpointer-arith -Wdeclaration-after-statement -Werror=vla -Wendif-labels -Wmissing-format-attribute -Wimplicit-fallthrough=3 -Wcast-function-type -Wshadow=compatible-local -Wformat-security -fno-strict-aliasing -fwrapv -fexcess-precision=standard -Wno-format-truncation -Wno-stringop-truncation -g -O2  -D_GNU_SOURCE  conftest.c >&5
conftest.c:76:10: fatal error: atomic.h: No such file or directory
   76 | #include <atomic.h>
      |          ^~~~~~~~~~
compilation terminated.
configure:13762: $? = 1
configure: failed program was:
| /* confdefs.h */
| #define PACKAGE_NAME "PostgreSQL"
| #define PACKAGE_TARNAME "postgresql"
| #define PACKAGE_VERSION "16.1"
| #define PACKAGE_STRING "PostgreSQL 16.1"
| #define PACKAGE_BUGREPORT "pgsql-bugs@lists.postgresql.org"
| #define PACKAGE_URL "https://www.postgresql.org/"
| #define CONFIGURE_ARGS " '--prefix=/home/shf/pg/postgresql-16.1/release/bin' '--with-zlib' '--enable-debug' '--without-icu' 'CCFLAG=-g -O0' 'CC=gcc'"
| #define PG_MAJORVERSION "16"
| #define PG_MAJORVERSION_NUM 16
| #define PG_MINORVERSION_NUM 1
| #define PG_VERSION "16.1"
| #define DEF_PGPORT 5432
| #define DEF_PGPORT_STR "5432"
| #define BLCKSZ 8192
| #define RELSEG_SIZE 131072
| #define XLOG_BLCKSZ 8192
| #define HAVE_VISIBILITY_ATTRIBUTE 1
| #define DLSUFFIX ".so"
| #define ENABLE_THREAD_SAFETY 1
| #define PG_KRB_SRVNAM "postgres"
| #define STDC_HEADERS 1
| #define HAVE_SYS_TYPES_H 1
| #define HAVE_SYS_STAT_H 1
| #define HAVE_STDLIB_H 1
| #define HAVE_STRING_H 1
| #define HAVE_MEMORY_H 1
| #define HAVE_STRINGS_H 1
| #define HAVE_INTTYPES_H 1
| #define HAVE_STDINT_H 1
| #define HAVE_UNISTD_H 1
| #define HAVE_PTHREAD_PRIO_INHERIT 1
| #define HAVE_PTHREAD 1
| #define HAVE_STRERROR_R 1
| #define HAVE_LIBM 1
| #define HAVE_LIBREADLINE 1
| #define HAVE_LIBZ 1
| #define HAVE_SPINLOCKS 1
| #define HAVE_ATOMICS 1
| #define HAVE__BOOL 1
| #define HAVE_STDBOOL_H 1
| /* end confdefs.h.  */
| #include <stdio.h>
| #ifdef HAVE_SYS_TYPES_H
| # include <sys/types.h>
| #endif
| #ifdef HAVE_SYS_STAT_H
| # include <sys/stat.h>
| #endif
| #ifdef STDC_HEADERS
| # include <stdlib.h>
| # include <stddef.h>
| #else
| # ifdef HAVE_STDLIB_H
| #  include <stdlib.h>
| # endif
| #endif
| #ifdef HAVE_STRING_H
| # if !defined STDC_HEADERS && defined HAVE_MEMORY_H
| #  include <memory.h>
| # endif
| # include <string.h>
| #endif
| #ifdef HAVE_STRINGS_H
| # include <strings.h>
| #endif
| #ifdef HAVE_INTTYPES_H
| # include <inttypes.h>
| #endif
| #ifdef HAVE_STDINT_H
| # include <stdint.h>
| #endif
| #ifdef HAVE_UNISTD_H
| # include <unistd.h>
| #endif
| #include <atomic.h>
configure:13762: result: no
configure:13762: checking atomic.h presence
configure:13762: gcc -E  -D_GNU_SOURCE  conftest.c
conftest.c:43:10: fatal error: atomic.h: No such file or directory
   43 | #include <atomic.h>
      |          ^~~~~~~~~~
compilation terminated.
configure:13762: $? = 1
configure: failed program was:
| /* confdefs.h */
| #define PACKAGE_NAME "PostgreSQL"
| #define PACKAGE_TARNAME "postgresql"
| #define PACKAGE_VERSION "16.1"
| #define PACKAGE_STRING "PostgreSQL 16.1"
| #define PACKAGE_BUGREPORT "pgsql-bugs@lists.postgresql.org"
| #define PACKAGE_URL "https://www.postgresql.org/"
| #define CONFIGURE_ARGS " '--prefix=/home/shf/pg/postgresql-16.1/release/bin' '--with-zlib' '--enable-debug' '--without-icu' 'CCFLAG=-g -O0' 'CC=gcc'"
| #define PG_MAJORVERSION "16"
| #define PG_MAJORVERSION_NUM 16
| #define PG_MINORVERSION_NUM 1
| #define PG_VERSION "16.1"
| #define DEF_PGPORT 5432
| #define DEF_PGPORT_STR "5432"
| #define BLCKSZ 8192
| #define RELSEG_SIZE 131072
| #define XLOG_BLCKSZ 8192
| #define HAVE_VISIBILITY_ATTRIBUTE 1
| #define DLSUFFIX ".so"
| #define ENABLE_THREAD_SAFETY 1
| #define PG_KRB_SRVNAM "postgres"
| #define STDC_HEADERS 1
| #define HAVE_SYS_TYPES_H 1
| #define HAVE_SYS_STAT_H 1
| #define HAVE_STDLIB_H 1
| #define HAVE_STRING_H 1
| #define HAVE_MEMORY_H 1
| #define HAVE_STRINGS_H 1
| #define HAVE_INTTYPES_H 1
| #define HAVE_STDINT_H 1
| #define HAVE_UNISTD_H 1
| #define HAVE_PTHREAD_PRIO_INHERIT 1
| #define HAVE_PTHREAD 1
| #define HAVE_STRERROR_R 1
| #define HAVE_LIBM 1
| #define HAVE_LIBREADLINE 1
| #define HAVE_LIBZ 1
| #define HAVE_SPINLOCKS 1
| #define HAVE_ATOMICS 1
| #define HAVE__BOOL 1
| #define HAVE_STDBOOL_H 1
| /* end confdefs.h.  */
| #include <atomic.h>
configure:13762: result: no
configure:13762: checking for atomic.h
configure:13762: result: no
configure:13762: checking copyfile.h usability
configure:13762: gcc -c -Wall -Wmissing-prototypes -Wpointer-arith -Wdeclaration-after-statement -Werror=vla -Wendif-labels -Wmissing-format-attribute -Wimplicit-fallthrough=3 -Wcast-function-type -Wshadow=compatible-local -Wformat-security -fno-strict-aliasing -fwrapv -fexcess-precision=standard -Wno-format-truncation -Wno-stringop-truncation -g -O2  -D_GNU_SOURCE  conftest.c >&5
conftest.c:76:10: fatal error: copyfile.h: No such file or directory
   76 | #include <copyfile.h>
      |          ^~~~~~~~~~~~
compilation terminated.
configure:13762: $? = 1
configure: failed program was:
| /* confdefs.h */
| #define PACKAGE_NAME "PostgreSQL"
| #define PACKAGE_TARNAME "postgresql"
| #define PACKAGE_VERSION "16.1"
| #define PACKAGE_STRING "PostgreSQL 16.1"
| #define PACKAGE_BUGREPORT "pgsql-bugs@lists.postgresql.org"
| #define PACKAGE_URL "https://www.postgresql.org/"
| #define CONFIGURE_ARGS " '--prefix=/home/shf/pg/postgresql-16.1/release/bin' '--with-zlib' '--enable-debug' '--without-icu' 'CCFLAG=-g -O0' 'CC=gcc'"
| #define PG_MAJORVERSION "16"
| #define PG_MAJORVERSION_NUM 16
| #define PG_MINORVERSION_NUM 1
| #define PG_VERSION "16.1"
| #define DEF_PGPORT 5432
| #define DEF_PGPORT_STR "5432"
| #define BLCKSZ 8192
| #define RELSEG_SIZE 131072
| #define XLOG_BLCKSZ 8192
| #define HAVE_VISIBILITY_ATTRIBUTE 1
| #define DLSUFFIX ".so"
| #define ENABLE_THREAD_SAFETY 1
| #define PG_KRB_SRVNAM "postgres"
| #define STDC_HEADERS 1
| #define HAVE_SYS_TYPES_H 1
| #define HAVE_SYS_STAT_H 1
| #define HAVE_STDLIB_H 1
| #define HAVE_STRING_H 1
| #define HAVE_MEMORY_H 1
| #define HAVE_STRINGS_H 1
| #define HAVE_INTTYPES_H 1
| #define HAVE_STDINT_H 1
| #define HAVE_UNISTD_H 1
| #define HAVE_PTHREAD_PRIO_INHERIT 1
| #define HAVE_PTHREAD 1
| #define HAVE_STRERROR_R 1
| #define HAVE_LIBM 1
| #define HAVE_LIBREADLINE 1
| #define HAVE_LIBZ 1
| #define HAVE_SPINLOCKS 1
| #define HAVE_ATOMICS 1
| #define HAVE__BOOL 1
| #define HAVE_STDBOOL_H 1
| /* end confdefs.h.  */
| #include <stdio.h>
| #ifdef HAVE_SYS_TYPES_H
| # include <sys/types.h>
| #endif
| #ifdef HAVE_SYS_STAT_H
| # include <sys/stat.h>
| #endif
| #ifdef STDC_HEADERS
| # include <stdlib.h>
| # include <stddef.h>
| #else
| # ifdef HAVE_STDLIB_H
| #  include <stdlib.h>
| # endif
| #endif
| #ifdef HAVE_STRING_H
| # if !defined STDC_HEADERS && defined HAVE_MEMORY_H
| #  include <memory.h>
| # endif
| # include <string.h>
| #endif
| #ifdef HAVE_STRINGS_H
| # include <strings.h>
| #endif
| #ifdef HAVE_INTTYPES_H
| # include <inttypes.h>
| #endif
| #ifdef HAVE_STDINT_H
| # include <stdint.h>
| #endif
| #ifdef HAVE_UNISTD_H
| # include <unistd.h>
| #endif
| #include <copyfile.h>
configure:13762: result: no
configure:13762: checking copyfile.h presence
configure:13762: gcc -E  -D_GNU_SOURCE  conftest.c
conftest.c:43:10: fatal error: copyfile.h: No such file or directory
   43 | #include <copyfile.h>
      |          ^~~~~~~~~~~~
compilation terminated.
configure:13762: $? = 1
configure: failed program was:
| /* confdefs.h */
| #define PACKAGE_NAME "PostgreSQL"
| #define PACKAGE_TARNAME "postgresql"
| #define PACKAGE_VERSION "16.1"
| #define PACKAGE_STRING "PostgreSQL 16.1"
| #define PACKAGE_BUGREPORT "pgsql-bugs@lists.postgresql.org"
| #define PACKAGE_URL "https://www.postgresql.org/"
| #define CONFIGURE_ARGS " '--prefix=/home/shf/pg/postgresql-16.1/release/bin' '--with-zlib' '--enable-debug' '--without-icu' 'CCFLAG=-g -O0' 'CC=gcc'"
| #define PG_MAJORVERSION "16"
| #define PG_MAJORVERSION_NUM 16
| #define PG_MINORVERSION_NUM 1
| #define PG_VERSION "16.1"
| #define DEF_PGPORT 5432
| #define DEF_PGPORT_STR "5432"
| #define BLCKSZ 8192
| #define RELSEG_SIZE 131072
| #define XLOG_BLCKSZ 8192
| #define HAVE_VISIBILITY_ATTRIBUTE 1
| #define DLSUFFIX ".so"
| #define ENABLE_THREAD_SAFETY 1
| #define PG_KRB_SRVNAM "postgres"
| #define STDC_HEADERS 1
| #define HAVE_SYS_TYPES_H 1
| #define HAVE_SYS_STAT_H 1
| #define HAVE_STDLIB_H 1
| #define HAVE_STRING_H 1
| #define HAVE_MEMORY_H 1
| #define HAVE_STRINGS_H 1
| #define HAVE_INTTYPES_H 1
| #define HAVE_STDINT_H 1
| #define HAVE_UNISTD_H 1
| #define HAVE_PTHREAD_PRIO_INHERIT 1
| #define HAVE_PTHREAD 1
| #define HAVE_STRERROR_R 1
| #define HAVE_LIBM 1
| #define HAVE_LIBREADLINE 1
| #define HAVE_LIBZ 1
| #define HAVE_SPINLOCKS 1
| #define HAVE_ATOMICS 1
| #define HAVE__BOOL 1
| #define HAVE_STDBOOL_H 1
| /* end confdefs.h.  */
| #include <copyfile.h>
configure:13762: result: no
configure:13762: checking for copyfile.h
configure:13762: result: no
configure:13762: checking execinfo.h usability
configure:13762: gcc -c -Wall -Wmissing-prototypes -Wpointer-arith -Wdeclaration-after-statement -Werror=vla -Wendif-labels -Wmissing-format-attribute -Wimplicit-fallthrough=3 -Wcast-function-type -Wshadow=compatible-local -Wformat-security -fno-strict-aliasing -fwrapv -fexcess-precision=standard -Wno-format-truncation -Wno-stringop-truncation -g -O2  -D_GNU_SOURCE  conftest.c >&5
configure:13762: $? = 0
configure:13762: result: yes
configure:13762: checking execinfo.h presence
configure:13762: gcc -E  -D_GNU_SOURCE  conftest.c
configure:13762: $? = 0
configure:13762: result: yes
configure:13762: checking for execinfo.h
configure:13762: result: yes
configure:13762: checking getopt.h usability
configure:13762: gcc -c -Wall -Wmissing-prototypes -Wpointer-arith -Wdeclaration-after-statement -Werror=vla -Wendif-labels -Wmissing-format-attribute -Wimplicit-fallthrough=3 -Wcast-function-type -Wshadow=compatible-local -Wformat-security -fno-strict-aliasing -fwrapv -fexcess-precision=standard -Wno-format-truncation -Wno-stringop-truncation -g -O2  -D_GNU_SOURCE  conftest.c >&5
configure:13762: $? = 0
configure:13762: result: yes
configure:13762: checking getopt.h presence
configure:13762: gcc -E  -D_GNU_SOURCE  conftest.c
configure:13762: $? = 0
configure:13762: result: yes
configure:13762: checking for getopt.h
configure:13762: result: yes
configure:13762: checking ifaddrs.h usability
configure:13762: gcc -c -Wall -Wmissing-prototypes -Wpointer-arith -Wdeclaration-after-statement -Werror=vla -Wendif-labels -Wmissing-format-attribute -Wimplicit-fallthrough=3 -Wcast-function-type -Wshadow=compatible-local -Wformat-security -fno-strict-aliasing -fwrapv -fexcess-precision=standard -Wno-format-truncation -Wno-stringop-truncation -g -O2  -D_GNU_SOURCE  conftest.c >&5
configure:13762: $? = 0
configure:13762: result: yes
configure:13762: checking ifaddrs.h presence
configure:13762: gcc -E  -D_GNU_SOURCE  conftest.c
configure:13762: $? = 0
configure:13762: result: yes
configure:13762: checking for ifaddrs.h
configure:13762: result: yes
configure:13762: checking langinfo.h usability
configure:13762: gcc -c -Wall -Wmissing-prototypes -Wpointer-arith -Wdeclaration-after-statement -Werror=vla -Wendif-labels -Wmissing-format-attribute -Wimplicit-fallthrough=3 -Wcast-function-type -Wshadow=compatible-local -Wformat-security -fno-strict-aliasing -fwrapv -fexcess-precision=standard -Wno-format-truncation -Wno-stringop-truncation -g -O2  -D_GNU_SOURCE  conftest.c >&5
configure:13762: $? = 0
configure:13762: result: yes
configure:13762: checking langinfo.h presence
configure:13762: gcc -E  -D_GNU_SOURCE  conftest.c
configure:13762: $? = 0
configure:13762: result: yes
configure:13762: checking for langinfo.h
configure:13762: result: yes

## ---------------- ##
## Cache variables. ##
## ---------------- ##

ac_cv_build=x86_64-pc-linux-gnu
ac_cv_c_compiler_gnu=yes
ac_cv_cxx_compiler_gnu=yes
ac_cv_env_CCC_set=
ac_cv_env_CCC_value=
ac_cv_env_CC_set=set
ac_cv_env_CC_value=gcc
ac_cv_env_CFLAGS_set=
ac_cv_env_CFLAGS_value=
ac_cv_env_CLANG_set=
ac_cv_env_CLANG_value=
ac_cv_env_CPPFLAGS_set=
ac_cv_env_CPPFLAGS_value=
ac_cv_env_CPP_set=
ac_cv_env_CPP_value=
ac_cv_env_CXXFLAGS_set=
ac_cv_env_CXXFLAGS_value=
ac_cv_env_CXX_set=
ac_cv_env_CXX_value=
ac_cv_env_ICU_CFLAGS_set=
ac_cv_env_ICU_CFLAGS_value=
ac_cv_env_ICU_LIBS_set=
ac_cv_env_ICU_LIBS_value=
ac_cv_env_LDFLAGS_EX_set=
ac_cv_env_LDFLAGS_EX_value=
ac_cv_env_LDFLAGS_SL_set=
ac_cv_env_LDFLAGS_SL_value=
ac_cv_env_LDFLAGS_set=
ac_cv_env_LDFLAGS_value=
ac_cv_env_LIBS_set=
ac_cv_env_LIBS_value=
ac_cv_env_LLVM_CONFIG_set=
ac_cv_env_LLVM_CONFIG_value=
ac_cv_env_LZ4_CFLAGS_set=
ac_cv_env_LZ4_CFLAGS_value=
ac_cv_env_LZ4_LIBS_set=
ac_cv_env_LZ4_LIBS_value=
ac_cv_env_MSGFMT_set=
ac_cv_env_MSGFMT_value=
ac_cv_env_PERL_set=
ac_cv_env_PERL_value=
ac_cv_env_PKG_CONFIG_LIBDIR_set=
ac_cv_env_PKG_CONFIG_LIBDIR_value=
ac_cv_env_PKG_CONFIG_PATH_set=
ac_cv_env_PKG_CONFIG_PATH_value=
ac_cv_env_PKG_CONFIG_set=
ac_cv_env_PKG_CONFIG_value=
ac_cv_env_PYTHON_set=
ac_cv_env_PYTHON_value=
ac_cv_env_TCLSH_set=
ac_cv_env_TCLSH_value=
ac_cv_env_XML2_CFLAGS_set=
ac_cv_env_XML2_CFLAGS_value=
ac_cv_env_XML2_CONFIG_set=
ac_cv_env_XML2_CONFIG_value=
ac_cv_env_XML2_LIBS_set=
ac_cv_env_XML2_LIBS_value=
ac_cv_env_ZSTD_CFLAGS_set=
ac_cv_env_ZSTD_CFLAGS_value=
ac_cv_env_ZSTD_LIBS_set=
ac_cv_env_ZSTD_LIBS_value=
ac_cv_env_build_alias_set=
ac_cv_env_build_alias_value=
ac_cv_env_host_alias_set=
ac_cv_env_host_alias_value=
ac_cv_env_target_alias_set=
ac_cv_env_target_alias_value=
ac_cv_func_strerror_r=yes
ac_cv_header_atomic_h=no
ac_cv_header_copyfile_h=no
ac_cv_header_execinfo_h=yes
ac_cv_header_getopt_h=yes
ac_cv_header_ifaddrs_h=yes
ac_cv_header_inttypes_h=yes
ac_cv_header_langinfo_h=yes
ac_cv_header_memory_h=yes
ac_cv_header_pthread_h=yes
ac_cv_header_stdbool_h=yes
ac_cv_header_stdc=yes
ac_cv_header_stdint_h=yes
ac_cv_header_stdlib_h=yes
ac_cv_header_string_h=yes
ac_cv_header_strings_h=yes
ac_cv_header_sys_stat_h=yes
ac_cv_header_sys_types_h=yes
ac_cv_header_unistd_h=yes
ac_cv_host=x86_64-pc-linux-gnu
ac_cv_lib_m_main=yes
ac_cv_lib_z_inflate=yes
ac_cv_objext=o
ac_cv_path_BISON=/usr/bin/bison
ac_cv_path_EGREP='/usr/bin/grep -E'
ac_cv_path_GREP=/usr/bin/grep
ac_cv_path_PERL=/usr/bin/perl
ac_cv_path_SED=/usr/bin/sed
ac_cv_path_TAR=/usr/bin/tar
ac_cv_path_ac_pt_PKG_CONFIG=/usr/bin/pkg-config
ac_cv_path_install='/usr/bin/install -c'
ac_cv_path_mkdir=/usr/bin/mkdir
ac_cv_prog_AWK=gawk
ac_cv_prog_CPP='gcc -E'
ac_cv_prog_ac_ct_AR=ar
ac_cv_prog_ac_ct_CXX=g++
ac_cv_prog_ac_ct_STRIP=strip
ac_cv_prog_cc_c89=
ac_cv_prog_cc_c99=
ac_cv_prog_cc_g=yes
ac_cv_prog_cxx_g=yes
ac_cv_search_backtrace_symbols='none required'
ac_cv_search_clock_gettime='none required'
ac_cv_search_dlsym='none required'
ac_cv_search_fdatasync='none required'
ac_cv_search_getopt_long='none required'
ac_cv_search_pthread_barrier_wait='none required'
ac_cv_search_setproctitle=no
ac_cv_search_shm_open='none required'
ac_cv_search_shm_unlink='none required'
ac_cv_search_shmget='none required'
ac_cv_search_socket='none required'
ac_cv_type__Bool=yes
ax_cv_PTHREAD_CLANG=no
ax_cv_PTHREAD_JOINABLE_ATTR=PTHREAD_CREATE_JOINABLE
ax_cv_PTHREAD_PRIO_INHERIT=yes
ax_cv_PTHREAD_SPECIAL_FLAGS=no
pgac_cv_check_readline=-lreadline
pgac_cv_func_strerror_r_int=no
pgac_cv_path_flex=/usr/bin/flex
pgac_cv_prog_CC_cflags__Wcast_function_type=yes
pgac_cv_prog_CC_cflags__Wcast_function_type_strict=no
pgac_cv_prog_CC_cflags__Wcompound_token_split_by_macro=no
pgac_cv_prog_CC_cflags__Wdeclaration_after_statement=yes
pgac_cv_prog_CC_cflags__Wendif_labels=yes
pgac_cv_prog_CC_cflags__Werror_unguarded_availability_new=no
pgac_cv_prog_CC_cflags__Werror_vla=yes
pgac_cv_prog_CC_cflags__Wformat_security=yes
pgac_cv_prog_CC_cflags__Wformat_truncation=yes
pgac_cv_prog_CC_cflags__Wimplicit_fallthrough_3=yes
pgac_cv_prog_CC_cflags__Wmissing_format_attribute=yes
pgac_cv_prog_CC_cflags__Wshadow_compatible_local=yes
pgac_cv_prog_CC_cflags__Wstringop_truncation=yes
pgac_cv_prog_CC_cflags__Wunused_command_line_argument=no
pgac_cv_prog_CC_cflags__fexcess_precision_standard=yes
pgac_cv_prog_CC_cflags__fno_strict_aliasing=yes
pgac_cv_prog_CC_cflags__ftree_vectorize=yes
pgac_cv_prog_CC_cflags__funroll_loops=yes
pgac_cv_prog_CC_cflags__fvisibility_hidden=yes
pgac_cv_prog_CC_cflags__fwrapv=yes
pgac_cv_prog_CXX_cxxflags__Wcast_function_type=yes
pgac_cv_prog_CXX_cxxflags__Wendif_labels=yes
pgac_cv_prog_CXX_cxxflags__Werror_unguarded_availability_new=no
pgac_cv_prog_CXX_cxxflags__Wformat_security=yes
pgac_cv_prog_CXX_cxxflags__Wimplicit_fallthrough_3=yes
pgac_cv_prog_CXX_cxxflags__Wmissing_format_attribute=yes
pgac_cv_prog_CXX_cxxflags__Wshadow_compatible_local=yes
pgac_cv_prog_CXX_cxxflags__fexcess_precision_standard=yes
pgac_cv_prog_CXX_cxxflags__fno_strict_aliasing=yes
pgac_cv_prog_CXX_cxxflags__fvisibility_hidden=yes
pgac_cv_prog_CXX_cxxflags__fvisibility_inlines_hidden=yes
pgac_cv_prog_CXX_cxxflags__fwrapv=yes

## ----------------- ##
## Output variables. ##
## ----------------- ##

AR='ar'
AWK='gawk'
BISON='/usr/bin/bison'
BISONFLAGS=' -Wno-deprecated'
BITCODE_CFLAGS=' -O2 '
BITCODE_CXXFLAGS=' -O2 '
CC='gcc'
CFLAGS='-Wall -Wmissing-prototypes -Wpointer-arith -Wdeclaration-after-statement -Werror=vla -Wendif-labels -Wmissing-format-attribute -Wimplicit-fallthrough=3 -Wcast-function-type -Wshadow=compatible-local -Wformat-security -fno-strict-aliasing -fwrapv -fexcess-precision=standard -Wno-format-truncation -Wno-stringop-truncation -g -O2'
CFLAGS_CRC=''
CFLAGS_SL='-fPIC'
CFLAGS_SL_MODULE=' -fvisibility=hidden'
CFLAGS_UNROLL_LOOPS=' -funroll-loops'
CFLAGS_VECTORIZE=' -ftree-vectorize'
CLANG=''
CPP='gcc -E'
CPPFLAGS=' -D_GNU_SOURCE '
CXX='g++'
CXXFLAGS='-Wall -Wpointer-arith -Wendif-labels -Wmissing-format-attribute -Wimplicit-fallthrough=3 -Wcast-function-type -Wshadow=compatible-local -Wformat-security -fno-strict-aliasing -fwrapv -fexcess-precision=standard -g -O2'
CXXFLAGS_SL_MODULE=' -fvisibility=hidden -fvisibility-inlines-hidden'
DBTOEPUB=''
DEFS=''
DLSUFFIX='.so'
DTRACE=''
DTRACEFLAGS=''
ECHO_C=''
ECHO_N='-n'
ECHO_T=''
EGREP='/usr/bin/grep -E'
EXEEXT=''
FLEX='/usr/bin/flex'
FLEXFLAGS=''
FOP=''
GCC='yes'
GCOV=''
GENHTML=''
GREP='/usr/bin/grep'
ICU_CFLAGS=''
ICU_LIBS=''
INCLUDES=''
INSTALL_DATA='${INSTALL} -m 644'
INSTALL_PROGRAM='${INSTALL}'
INSTALL_SCRIPT='${INSTALL}'
LCOV=''
LDAP_LIBS_BE=''
LDAP_LIBS_FE=''
LDFLAGS=' '
LDFLAGS_EX=''
LDFLAGS_EX_BE=''
LDFLAGS_SL=''
LIBOBJS=''
LIBS='-lz -lreadline -lm '
LLVM_BINPATH=''
LLVM_CFLAGS=''
LLVM_CONFIG=''
LLVM_CPPFLAGS=''
LLVM_CXXFLAGS=''
LLVM_LIBS=''
LN_S='ln -s'
LTLIBOBJS=''
LZ4=''
LZ4_CFLAGS=''
LZ4_LIBS=''
MKDIR_P='/usr/bin/mkdir -p'
MSGFMT=''
MSGFMT_FLAGS=''
MSGMERGE=''
OBJEXT='o'
OPENSSL=''
PACKAGE_BUGREPORT='pgsql-bugs@lists.postgresql.org'
PACKAGE_NAME='PostgreSQL'
PACKAGE_STRING='PostgreSQL 16.1'
PACKAGE_TARNAME='postgresql'
PACKAGE_URL='https://www.postgresql.org/'
PACKAGE_VERSION='16.1'
PATH_SEPARATOR=':'
PERL='/usr/bin/perl'
PERMIT_DECLARATION_AFTER_STATEMENT='-Wno-declaration-after-statement'
PG_CRC32C_OBJS=''
PG_MAJORVERSION='16'
PG_SYSROOT=''
PG_VERSION_NUM=''
PKG_CONFIG='/usr/bin/pkg-config'
PKG_CONFIG_LIBDIR=''
PKG_CONFIG_PATH=''
PORTNAME='linux'
PROVE=''
PTHREAD_CC='gcc'
PTHREAD_CFLAGS='-pthread -D_REENTRANT -D_THREAD_SAFE'
PTHREAD_LIBS=''
PYTHON=''
SED='/usr/bin/sed'
SHELL='/bin/bash'
STRIP='strip'
STRIP_SHARED_LIB='strip --strip-unneeded'
STRIP_STATIC_LIB='strip --strip-unneeded'
SUN_STUDIO_CC='no'
TAR='/usr/bin/tar'
TAS=''
TCLSH=''
TCL_CONFIG_SH=''
TCL_INCLUDE_SPEC=''
TCL_LIBS=''
TCL_LIB_SPEC=''
TCL_SHARED_BUILD=''
UUID_LIBS=''
WANTED_LANGUAGES=''
WINDRES=''
XGETTEXT=''
XML2_CFLAGS=''
XML2_CONFIG=''
XML2_LIBS=''
XMLLINT=''
XSLTPROC=''
ZIC=''
ZSTD=''
ZSTD_CFLAGS=''
ZSTD_LIBS=''
ac_ct_CC=''
ac_ct_CXX='g++'
autodepend=''
ax_pthread_config=''
bindir='${exec_prefix}/bin'
build='x86_64-pc-linux-gnu'
build_alias=''
build_cpu='x86_64'
build_os='linux-gnu'
build_vendor='pc'
datadir='${datarootdir}'
datarootdir='${prefix}/share'
default_port='5432'
docdir='${datarootdir}/doc/${PACKAGE_TARNAME}'
dvidir='${docdir}'
enable_coverage='no'
enable_debug='yes'
enable_dtrace='no'
enable_nls='no'
enable_rpath='yes'
enable_tap_tests='no'
enable_thread_safety='yes'
exec_prefix='NONE'
host='x86_64-pc-linux-gnu'
host_alias=''
host_cpu='x86_64'
host_os='linux-gnu'
host_vendor='pc'
htmldir='${docdir}'
includedir='${prefix}/include'
infodir='${datarootdir}/info'
install_bin='/usr/bin/install -c'
krb_srvtab=''
libdir='${exec_prefix}/lib'
libexecdir='${exec_prefix}/libexec'
localedir='${datarootdir}/locale'
localstatedir='${prefix}/var'
mandir='${datarootdir}/man'
oldincludedir='/usr/include'
pdfdir='${docdir}'
perl_archlibexp=''
perl_embed_ccflags=''
perl_embed_ldflags=''
perl_includespec=''
perl_privlibexp=''
perl_useshrplib=''
prefix='/home/shf/pg/postgresql-16.1/release/bin'
program_transform_name='s,x,x,'
psdir='${docdir}'
python_additional_libs=''
python_includespec=''
python_libdir=''
python_libspec=''
python_majorversion=''
python_version=''
sbindir='${exec_prefix}/sbin'
sharedstatedir='${prefix}/com'
sysconfdir='${prefix}/etc'
target_alias=''
vpath_build=''
with_gssapi='no'
with_icu='no'
with_krb_srvnam='postgres'
with_ldap='no'
with_libxml='no'
with_libxslt='no'
with_llvm='no'
with_lz4='no'
with_perl='no'
with_python='no'
with_readline='yes'
with_selinux='no'
with_ssl='no'
with_system_tzdata=''
with_systemd='no'
with_tcl='no'
with_uuid='no'
with_zlib='yes'
with_zstd='no'

## ----------- ##
## confdefs.h. ##
## ----------- ##

/* confdefs.h */
#define PACKAGE_NAME "PostgreSQL"
#define PACKAGE_TARNAME "postgresql"
#define PACKAGE_VERSION "16.1"
#define PACKAGE_STRING "PostgreSQL 16.1"
#define PACKAGE_BUGREPORT "pgsql-bugs@lists.postgresql.org"
#define PACKAGE_URL "https://www.postgresql.org/"
#define CONFIGURE_ARGS " '--prefix=/home/shf/pg/postgresql-16.1/release/bin' '--with-zlib' '--enable-debug' '--without-icu' 'CCFLAG=-g -O0' 'CC=gcc'"
#define PG_MAJORVERSION "16"
#define PG_MAJORVERSION_NUM 16
#define PG_MINORVERSION_NUM 1
#define PG_VERSION "16.1"
#define DEF_PGPORT 5432
#define DEF_PGPORT_STR "5432"
#define BLCKSZ 8192
#define RELSEG_SIZE 131072
#define XLOG_BLCKSZ 8192
#define HAVE_VISIBILITY_ATTRIBUTE 1
#define DLSUFFIX ".so"
#define ENABLE_THREAD_SAFETY 1
#define PG_KRB_SRVNAM "postgres"
#define STDC_HEADERS 1
#define HAVE_SYS_TYPES_H 1
#define HAVE_SYS_STAT_H 1
#define HAVE_STDLIB_H 1
#define HAVE_STRING_H 1
#define HAVE_MEMORY_H 1
#define HAVE_STRINGS_H 1
#define HAVE_INTTYPES_H 1
#define HAVE_STDINT_H 1
#define HAVE_UNISTD_H 1
#define HAVE_PTHREAD_PRIO_INHERIT 1
#define HAVE_PTHREAD 1
#define HAVE_STRERROR_R 1
#define HAVE_LIBM 1
#define HAVE_LIBREADLINE 1
#define HAVE_LIBZ 1
#define HAVE_SPINLOCKS 1
#define HAVE_ATOMICS 1
#define HAVE__BOOL 1
#define HAVE_STDBOOL_H 1
#define HAVE_EXECINFO_H 1
#define HAVE_GETOPT_H 1
#define HAVE_IFADDRS_H 1
#define HAVE_LANGINFO_H 1

configure: caught signal 2
configure: exit 1

## ---------------------- ##
## Running config.status. ##
## ---------------------- ##

This file was extended by PostgreSQL config.status 16.1, which was
generated by GNU Autoconf 2.69.  Invocation command line was

  CONFIG_FILES    = 
  CONFIG_HEADERS  = 
  CONFIG_LINKS    = 
  CONFIG_COMMANDS = 
  $ ./config.status src/interfaces/ecpg/include/ecpg_config.h

on DESKTOP-GFH73OB

config.status:1097: creating src/interfaces/ecpg/include/ecpg_config.h
config.status:1278: src/interfaces/ecpg/include/ecpg_config.h is unchanged
